This is pdfTeX, Version 3.14159265-2.6-1.40.15 (TeX Live 2015/dev/Debian) (preloaded format=pdflatex 2016.4.29)  15 MAY 2016 21:58
entering extended mode
 restricted \write18 enabled.
 file:line:error style messages enabled.
 %&-line parsing enabled.
**locdef.tex
(./locdef.tex
LaTeX2e <2014/05/01>
Babel <3.9l> and hyphenation patterns for 33 languages loaded.
./locdef.tex:1: Undefined control sequence.
l.1 \DeclarePairedDelimiter
                           \ceil{\lceil}{\rceil}
? 
./locdef.tex:1: Emergency stop.
l.1 \DeclarePairedDelimiter
                           \ceil{\lceil}{\rceil}
End of file on the terminal!

 
Here is how much of TeX's memory you used:
 5 strings out of 494336
 137 string characters out of 6163195
 47690 words of memory out of 5000000
 3369 multiletter control sequences out of 15000+600000
 3640 words of font info for 14 fonts, out of 8000000 for 9000
 417 hyphenation exceptions out of 8191
 5i,0n,1p,57b,8s stack positions out of 5000i,500n,10000p,200000b,80000s
./locdef.tex:1:  ==> Fatal error occurred, no output PDF file produced!
