This is pdfTeX, Version 3.14159265-2.6-1.40.18 (TeX Live 2017/Debian) (preloaded format=pdflatex 2018.1.14)  14 JAN 2018 21:41
entering extended mode
 restricted \write18 enabled.
 %&-line parsing enabled.
**main.tex
(./main.tex
LaTeX2e <2017-04-15>
Babel <3.12> and hyphenation patterns for 33 language(s) loaded.
(./globdef.tex (/usr/share/texlive/texmf-dist/tex/latex/amscls/amsbook.cls
Document Class: amsbook 2015/03/04 v2.20.2
\linespacing=\dimen102
\normalparindent=\dimen103
\normaltopskip=\skip41
(/usr/share/texlive/texmf-dist/tex/latex/amsmath/amsmath.sty
Package: amsmath 2016/11/05 v2.16a AMS math features
\@mathmargin=\skip42

For additional information on amsmath, use the `?' option.
(/usr/share/texlive/texmf-dist/tex/latex/amsmath/amstext.sty
Package: amstext 2000/06/29 v2.01 AMS text

(/usr/share/texlive/texmf-dist/tex/latex/amsmath/amsgen.sty
File: amsgen.sty 1999/11/30 v2.0 generic functions
\@emptytoks=\toks14
\ex@=\dimen104
))
(/usr/share/texlive/texmf-dist/tex/latex/amsmath/amsbsy.sty
Package: amsbsy 1999/11/29 v1.2d Bold Symbols
\pmbraise@=\dimen105
)
(/usr/share/texlive/texmf-dist/tex/latex/amsmath/amsopn.sty
Package: amsopn 2016/03/08 v2.02 operator names
)
\inf@bad=\count79
LaTeX Info: Redefining \frac on input line 213.
\uproot@=\count80
\leftroot@=\count81
LaTeX Info: Redefining \overline on input line 375.
\classnum@=\count82
\DOTSCASE@=\count83
LaTeX Info: Redefining \ldots on input line 472.
LaTeX Info: Redefining \dots on input line 475.
LaTeX Info: Redefining \cdots on input line 596.
\Mathstrutbox@=\box26
\strutbox@=\box27
\big@size=\dimen106
LaTeX Font Info:    Redeclaring font encoding OML on input line 712.
LaTeX Font Info:    Redeclaring font encoding OMS on input line 713.
\macc@depth=\count84
\c@MaxMatrixCols=\count85
\dotsspace@=\muskip10
\c@parentequation=\count86
\dspbrk@lvl=\count87
\tag@help=\toks15
\row@=\count88
\column@=\count89
\maxfields@=\count90
\andhelp@=\toks16
\eqnshift@=\dimen107
\alignsep@=\dimen108
\tagshift@=\dimen109
\tagwidth@=\dimen110
\totwidth@=\dimen111
\lineht@=\dimen112
\@envbody=\toks17
\multlinegap=\skip43
\multlinetaggap=\skip44
\mathdisplay@stack=\toks18
LaTeX Info: Redefining \[ on input line 2817.
LaTeX Info: Redefining \] on input line 2818.
)
LaTeX Font Info:    Try loading font information for U+msa on input line 367.

(/usr/share/texlive/texmf-dist/tex/latex/amsfonts/umsa.fd
File: umsa.fd 2013/01/14 v3.01 AMS symbols A
)
(/usr/share/texlive/texmf-dist/tex/latex/amsfonts/amsfonts.sty
Package: amsfonts 2013/01/14 v3.01 Basic AMSFonts support
\symAMSa=\mathgroup4
\symAMSb=\mathgroup5
LaTeX Font Info:    Overwriting math alphabet `\mathfrak' in version `bold'
(Font)                  U/euf/m/n --> U/euf/b/n on input line 106.
)
\copyins=\insert199
\abstractbox=\box28
\listisep=\skip45
\c@part=\count91
\c@chapter=\count92
\c@section=\count93
\c@subsection=\count94
\c@subsubsection=\count95
\c@paragraph=\count96
\c@subparagraph=\count97
\c@figure=\count98
\c@table=\count99
\abovecaptionskip=\skip46
\belowcaptionskip=\skip47
\captionindent=\dimen113
\thm@style=\toks19
\thm@bodyfont=\toks20
\thm@headfont=\toks21
\thm@notefont=\toks22
\thm@headpunct=\toks23
\thm@preskip=\skip48
\thm@postskip=\skip49
\thm@headsep=\skip50
\dth@everypar=\toks24
)
(/usr/share/texlive/texmf-dist/tex/latex/geometry/geometry.sty
Package: geometry 2010/09/12 v5.6 Page Geometry

(/usr/share/texlive/texmf-dist/tex/latex/graphics/keyval.sty
Package: keyval 2014/10/28 v1.15 key=value parser (DPC)
\KV@toks@=\toks25
)
(/usr/share/texlive/texmf-dist/tex/generic/oberdiek/ifpdf.sty
Package: ifpdf 2017/03/15 v3.2 Provides the ifpdf switch
)
(/usr/share/texlive/texmf-dist/tex/generic/oberdiek/ifvtex.sty
Package: ifvtex 2016/05/16 v1.6 Detect VTeX and its facilities (HO)
Package ifvtex Info: VTeX not detected.
)
(/usr/share/texlive/texmf-dist/tex/generic/ifxetex/ifxetex.sty
Package: ifxetex 2010/09/12 v0.6 Provides ifxetex conditional
)
\Gm@cnth=\count100
\Gm@cntv=\count101
\c@Gm@tempcnt=\count102
\Gm@bindingoffset=\dimen114
\Gm@wd@mp=\dimen115
\Gm@odd@mp=\dimen116
\Gm@even@mp=\dimen117
\Gm@layoutwidth=\dimen118
\Gm@layoutheight=\dimen119
\Gm@layouthoffset=\dimen120
\Gm@layoutvoffset=\dimen121
\Gm@dimlist=\toks26
)
(/usr/share/texlive/texmf-dist/tex/latex/base/inputenc.sty
Package: inputenc 2015/03/17 v1.2c Input encoding file
\inpenc@prehook=\toks27
\inpenc@posthook=\toks28

(/usr/share/texlive/texmf-dist/tex/latex/base/utf8.def
File: utf8.def 2017/01/28 v1.1t UTF-8 support for inputenc
Now handling font encoding OML ...
... no UTF-8 mapping file for font encoding OML
Now handling font encoding T1 ...
... processing UTF-8 mapping file for font encoding T1

(/usr/share/texlive/texmf-dist/tex/latex/base/t1enc.dfu
File: t1enc.dfu 2017/01/28 v1.1t UTF-8 support for inputenc
   defining Unicode char U+00A0 (decimal 160)
   defining Unicode char U+00A1 (decimal 161)
   defining Unicode char U+00A3 (decimal 163)
   defining Unicode char U+00AB (decimal 171)
   defining Unicode char U+00AD (decimal 173)
   defining Unicode char U+00BB (decimal 187)
   defining Unicode char U+00BF (decimal 191)
   defining Unicode char U+00C0 (decimal 192)
   defining Unicode char U+00C1 (decimal 193)
   defining Unicode char U+00C2 (decimal 194)
   defining Unicode char U+00C3 (decimal 195)
   defining Unicode char U+00C4 (decimal 196)
   defining Unicode char U+00C5 (decimal 197)
   defining Unicode char U+00C6 (decimal 198)
   defining Unicode char U+00C7 (decimal 199)
   defining Unicode char U+00C8 (decimal 200)
   defining Unicode char U+00C9 (decimal 201)
   defining Unicode char U+00CA (decimal 202)
   defining Unicode char U+00CB (decimal 203)
   defining Unicode char U+00CC (decimal 204)
   defining Unicode char U+00CD (decimal 205)
   defining Unicode char U+00CE (decimal 206)
   defining Unicode char U+00CF (decimal 207)
   defining Unicode char U+00D0 (decimal 208)
   defining Unicode char U+00D1 (decimal 209)
   defining Unicode char U+00D2 (decimal 210)
   defining Unicode char U+00D3 (decimal 211)
   defining Unicode char U+00D4 (decimal 212)
   defining Unicode char U+00D5 (decimal 213)
   defining Unicode char U+00D6 (decimal 214)
   defining Unicode char U+00D8 (decimal 216)
   defining Unicode char U+00D9 (decimal 217)
   defining Unicode char U+00DA (decimal 218)
   defining Unicode char U+00DB (decimal 219)
   defining Unicode char U+00DC (decimal 220)
   defining Unicode char U+00DD (decimal 221)
   defining Unicode char U+00DE (decimal 222)
   defining Unicode char U+00DF (decimal 223)
   defining Unicode char U+00E0 (decimal 224)
   defining Unicode char U+00E1 (decimal 225)
   defining Unicode char U+00E2 (decimal 226)
   defining Unicode char U+00E3 (decimal 227)
   defining Unicode char U+00E4 (decimal 228)
   defining Unicode char U+00E5 (decimal 229)
   defining Unicode char U+00E6 (decimal 230)
   defining Unicode char U+00E7 (decimal 231)
   defining Unicode char U+00E8 (decimal 232)
   defining Unicode char U+00E9 (decimal 233)
   defining Unicode char U+00EA (decimal 234)
   defining Unicode char U+00EB (decimal 235)
   defining Unicode char U+00EC (decimal 236)
   defining Unicode char U+00ED (decimal 237)
   defining Unicode char U+00EE (decimal 238)
   defining Unicode char U+00EF (decimal 239)
   defining Unicode char U+00F0 (decimal 240)
   defining Unicode char U+00F1 (decimal 241)
   defining Unicode char U+00F2 (decimal 242)
   defining Unicode char U+00F3 (decimal 243)
   defining Unicode char U+00F4 (decimal 244)
   defining Unicode char U+00F5 (decimal 245)
   defining Unicode char U+00F6 (decimal 246)
   defining Unicode char U+00F8 (decimal 248)
   defining Unicode char U+00F9 (decimal 249)
   defining Unicode char U+00FA (decimal 250)
   defining Unicode char U+00FB (decimal 251)
   defining Unicode char U+00FC (decimal 252)
   defining Unicode char U+00FD (decimal 253)
   defining Unicode char U+00FE (decimal 254)
   defining Unicode char U+00FF (decimal 255)
   defining Unicode char U+0100 (decimal 256)
   defining Unicode char U+0101 (decimal 257)
   defining Unicode char U+0102 (decimal 258)
   defining Unicode char U+0103 (decimal 259)
   defining Unicode char U+0104 (decimal 260)
   defining Unicode char U+0105 (decimal 261)
   defining Unicode char U+0106 (decimal 262)
   defining Unicode char U+0107 (decimal 263)
   defining Unicode char U+0108 (decimal 264)
   defining Unicode char U+0109 (decimal 265)
   defining Unicode char U+010A (decimal 266)
   defining Unicode char U+010B (decimal 267)
   defining Unicode char U+010C (decimal 268)
   defining Unicode char U+010D (decimal 269)
   defining Unicode char U+010E (decimal 270)
   defining Unicode char U+010F (decimal 271)
   defining Unicode char U+0110 (decimal 272)
   defining Unicode char U+0111 (decimal 273)
   defining Unicode char U+0112 (decimal 274)
   defining Unicode char U+0113 (decimal 275)
   defining Unicode char U+0114 (decimal 276)
   defining Unicode char U+0115 (decimal 277)
   defining Unicode char U+0116 (decimal 278)
   defining Unicode char U+0117 (decimal 279)
   defining Unicode char U+0118 (decimal 280)
   defining Unicode char U+0119 (decimal 281)
   defining Unicode char U+011A (decimal 282)
   defining Unicode char U+011B (decimal 283)
   defining Unicode char U+011C (decimal 284)
   defining Unicode char U+011D (decimal 285)
   defining Unicode char U+011E (decimal 286)
   defining Unicode char U+011F (decimal 287)
   defining Unicode char U+0120 (decimal 288)
   defining Unicode char U+0121 (decimal 289)
   defining Unicode char U+0122 (decimal 290)
   defining Unicode char U+0123 (decimal 291)
   defining Unicode char U+0124 (decimal 292)
   defining Unicode char U+0125 (decimal 293)
   defining Unicode char U+0128 (decimal 296)
   defining Unicode char U+0129 (decimal 297)
   defining Unicode char U+012A (decimal 298)
   defining Unicode char U+012B (decimal 299)
   defining Unicode char U+012C (decimal 300)
   defining Unicode char U+012D (decimal 301)
   defining Unicode char U+012E (decimal 302)
   defining Unicode char U+012F (decimal 303)
   defining Unicode char U+0130 (decimal 304)
   defining Unicode char U+0131 (decimal 305)
   defining Unicode char U+0132 (decimal 306)
   defining Unicode char U+0133 (decimal 307)
   defining Unicode char U+0134 (decimal 308)
   defining Unicode char U+0135 (decimal 309)
   defining Unicode char U+0136 (decimal 310)
   defining Unicode char U+0137 (decimal 311)
   defining Unicode char U+0139 (decimal 313)
   defining Unicode char U+013A (decimal 314)
   defining Unicode char U+013B (decimal 315)
   defining Unicode char U+013C (decimal 316)
   defining Unicode char U+013D (decimal 317)
   defining Unicode char U+013E (decimal 318)
   defining Unicode char U+0141 (decimal 321)
   defining Unicode char U+0142 (decimal 322)
   defining Unicode char U+0143 (decimal 323)
   defining Unicode char U+0144 (decimal 324)
   defining Unicode char U+0145 (decimal 325)
   defining Unicode char U+0146 (decimal 326)
   defining Unicode char U+0147 (decimal 327)
   defining Unicode char U+0148 (decimal 328)
   defining Unicode char U+014A (decimal 330)
   defining Unicode char U+014B (decimal 331)
   defining Unicode char U+014C (decimal 332)
   defining Unicode char U+014D (decimal 333)
   defining Unicode char U+014E (decimal 334)
   defining Unicode char U+014F (decimal 335)
   defining Unicode char U+0150 (decimal 336)
   defining Unicode char U+0151 (decimal 337)
   defining Unicode char U+0152 (decimal 338)
   defining Unicode char U+0153 (decimal 339)
   defining Unicode char U+0154 (decimal 340)
   defining Unicode char U+0155 (decimal 341)
   defining Unicode char U+0156 (decimal 342)
   defining Unicode char U+0157 (decimal 343)
   defining Unicode char U+0158 (decimal 344)
   defining Unicode char U+0159 (decimal 345)
   defining Unicode char U+015A (decimal 346)
   defining Unicode char U+015B (decimal 347)
   defining Unicode char U+015C (decimal 348)
   defining Unicode char U+015D (decimal 349)
   defining Unicode char U+015E (decimal 350)
   defining Unicode char U+015F (decimal 351)
   defining Unicode char U+0160 (decimal 352)
   defining Unicode char U+0161 (decimal 353)
   defining Unicode char U+0162 (decimal 354)
   defining Unicode char U+0163 (decimal 355)
   defining Unicode char U+0164 (decimal 356)
   defining Unicode char U+0165 (decimal 357)
   defining Unicode char U+0168 (decimal 360)
   defining Unicode char U+0169 (decimal 361)
   defining Unicode char U+016A (decimal 362)
   defining Unicode char U+016B (decimal 363)
   defining Unicode char U+016C (decimal 364)
   defining Unicode char U+016D (decimal 365)
   defining Unicode char U+016E (decimal 366)
   defining Unicode char U+016F (decimal 367)
   defining Unicode char U+0170 (decimal 368)
   defining Unicode char U+0171 (decimal 369)
   defining Unicode char U+0172 (decimal 370)
   defining Unicode char U+0173 (decimal 371)
   defining Unicode char U+0174 (decimal 372)
   defining Unicode char U+0175 (decimal 373)
   defining Unicode char U+0176 (decimal 374)
   defining Unicode char U+0177 (decimal 375)
   defining Unicode char U+0178 (decimal 376)
   defining Unicode char U+0179 (decimal 377)
   defining Unicode char U+017A (decimal 378)
   defining Unicode char U+017B (decimal 379)
   defining Unicode char U+017C (decimal 380)
   defining Unicode char U+017D (decimal 381)
   defining Unicode char U+017E (decimal 382)
   defining Unicode char U+01CD (decimal 461)
   defining Unicode char U+01CE (decimal 462)
   defining Unicode char U+01CF (decimal 463)
   defining Unicode char U+01D0 (decimal 464)
   defining Unicode char U+01D1 (decimal 465)
   defining Unicode char U+01D2 (decimal 466)
   defining Unicode char U+01D3 (decimal 467)
   defining Unicode char U+01D4 (decimal 468)
   defining Unicode char U+01E2 (decimal 482)
   defining Unicode char U+01E3 (decimal 483)
   defining Unicode char U+01E6 (decimal 486)
   defining Unicode char U+01E7 (decimal 487)
   defining Unicode char U+01E8 (decimal 488)
   defining Unicode char U+01E9 (decimal 489)
   defining Unicode char U+01EA (decimal 490)
   defining Unicode char U+01EB (decimal 491)
   defining Unicode char U+01F0 (decimal 496)
   defining Unicode char U+01F4 (decimal 500)
   defining Unicode char U+01F5 (decimal 501)
   defining Unicode char U+0218 (decimal 536)
   defining Unicode char U+0219 (decimal 537)
   defining Unicode char U+021A (decimal 538)
   defining Unicode char U+021B (decimal 539)
   defining Unicode char U+0232 (decimal 562)
   defining Unicode char U+0233 (decimal 563)
   defining Unicode char U+1E02 (decimal 7682)
   defining Unicode char U+1E03 (decimal 7683)
   defining Unicode char U+200C (decimal 8204)
   defining Unicode char U+2010 (decimal 8208)
   defining Unicode char U+2011 (decimal 8209)
   defining Unicode char U+2012 (decimal 8210)
   defining Unicode char U+2013 (decimal 8211)
   defining Unicode char U+2014 (decimal 8212)
   defining Unicode char U+2015 (decimal 8213)
   defining Unicode char U+2018 (decimal 8216)
   defining Unicode char U+2019 (decimal 8217)
   defining Unicode char U+201A (decimal 8218)
   defining Unicode char U+201C (decimal 8220)
   defining Unicode char U+201D (decimal 8221)
   defining Unicode char U+201E (decimal 8222)
   defining Unicode char U+2030 (decimal 8240)
   defining Unicode char U+2031 (decimal 8241)
   defining Unicode char U+2039 (decimal 8249)
   defining Unicode char U+203A (decimal 8250)
   defining Unicode char U+2423 (decimal 9251)
   defining Unicode char U+1E20 (decimal 7712)
   defining Unicode char U+1E21 (decimal 7713)
)
Now handling font encoding OT1 ...
... processing UTF-8 mapping file for font encoding OT1

(/usr/share/texlive/texmf-dist/tex/latex/base/ot1enc.dfu
File: ot1enc.dfu 2017/01/28 v1.1t UTF-8 support for inputenc
   defining Unicode char U+00A0 (decimal 160)
   defining Unicode char U+00A1 (decimal 161)
   defining Unicode char U+00A3 (decimal 163)
   defining Unicode char U+00AD (decimal 173)
   defining Unicode char U+00B8 (decimal 184)
   defining Unicode char U+00BF (decimal 191)
   defining Unicode char U+00C5 (decimal 197)
   defining Unicode char U+00C6 (decimal 198)
   defining Unicode char U+00D8 (decimal 216)
   defining Unicode char U+00DF (decimal 223)
   defining Unicode char U+00E6 (decimal 230)
   defining Unicode char U+00EC (decimal 236)
   defining Unicode char U+00ED (decimal 237)
   defining Unicode char U+00EE (decimal 238)
   defining Unicode char U+00EF (decimal 239)
   defining Unicode char U+00F8 (decimal 248)
   defining Unicode char U+0131 (decimal 305)
   defining Unicode char U+0141 (decimal 321)
   defining Unicode char U+0142 (decimal 322)
   defining Unicode char U+0152 (decimal 338)
   defining Unicode char U+0153 (decimal 339)
   defining Unicode char U+0174 (decimal 372)
   defining Unicode char U+0175 (decimal 373)
   defining Unicode char U+0176 (decimal 374)
   defining Unicode char U+0177 (decimal 375)
   defining Unicode char U+0218 (decimal 536)
   defining Unicode char U+0219 (decimal 537)
   defining Unicode char U+021A (decimal 538)
   defining Unicode char U+021B (decimal 539)
   defining Unicode char U+2013 (decimal 8211)
   defining Unicode char U+2014 (decimal 8212)
   defining Unicode char U+2018 (decimal 8216)
   defining Unicode char U+2019 (decimal 8217)
   defining Unicode char U+201C (decimal 8220)
   defining Unicode char U+201D (decimal 8221)
)
Now handling font encoding OMS ...
... processing UTF-8 mapping file for font encoding OMS

(/usr/share/texlive/texmf-dist/tex/latex/base/omsenc.dfu
File: omsenc.dfu 2017/01/28 v1.1t UTF-8 support for inputenc
   defining Unicode char U+00A7 (decimal 167)
   defining Unicode char U+00B6 (decimal 182)
   defining Unicode char U+00B7 (decimal 183)
   defining Unicode char U+2020 (decimal 8224)
   defining Unicode char U+2021 (decimal 8225)
   defining Unicode char U+2022 (decimal 8226)
)
Now handling font encoding OMX ...
... no UTF-8 mapping file for font encoding OMX
Now handling font encoding U ...
... no UTF-8 mapping file for font encoding U
   defining Unicode char U+00A9 (decimal 169)
   defining Unicode char U+00AA (decimal 170)
   defining Unicode char U+00AE (decimal 174)
   defining Unicode char U+00BA (decimal 186)
   defining Unicode char U+02C6 (decimal 710)
   defining Unicode char U+02DC (decimal 732)
   defining Unicode char U+200C (decimal 8204)
   defining Unicode char U+2026 (decimal 8230)
   defining Unicode char U+2122 (decimal 8482)
   defining Unicode char U+2423 (decimal 9251)
))
(/usr/share/texlive/texmf-dist/tex/generic/babel/babel.sty
Package: babel 2017/06/29 3.12 The Babel package

(/usr/share/texlive/texmf-dist/tex/generic/babel/switch.def
File: switch.def 2017/06/29 3.12 Babel switching mechanism
)
(/usr/share/texlive/texmf-dist/tex/generic/babel-hungarian/magyar.ldf
Language: hungarian 2015/11/24 v1.5c Magyar support from the babel v3.7 system

(/usr/share/texlive/texmf-dist/tex/generic/babel/babel.def
File: babel.def 2017/06/29 3.12 Babel common definitions

(/usr/share/texlive/texmf-dist/tex/generic/babel/switch.def
File: switch.def 2017/06/29 3.12 Babel switching mechanism
)
\babel@savecnt=\count103
\U@D=\dimen122
)
Package babel Info: Making ` an active character on input line 2735.
\c@footnote@add=\count104
\c@footnote@ch=\count105
))
(/usr/share/texlive/texmf-dist/tex/latex/textcase/textcase.sty
Package: textcase 2004/10/07 v0.07 Text only upper/lower case changing (DPC)
)
(/usr/share/texlive/texmf-dist/tex/latex/hyperref/hyperref.sty
Package: hyperref 2017/03/14 v6.85a Hypertext links for LaTeX

(/usr/share/texlive/texmf-dist/tex/generic/oberdiek/hobsub-hyperref.sty
Package: hobsub-hyperref 2016/05/16 v1.14 Bundle oberdiek, subset hyperref (HO)


(/usr/share/texlive/texmf-dist/tex/generic/oberdiek/hobsub-generic.sty
Package: hobsub-generic 2016/05/16 v1.14 Bundle oberdiek, subset generic (HO)
Package: hobsub 2016/05/16 v1.14 Construct package bundles (HO)
Package: infwarerr 2016/05/16 v1.4 Providing info/warning/error messages (HO)
Package: ltxcmds 2016/05/16 v1.23 LaTeX kernel commands for general use (HO)
Package: ifluatex 2016/05/16 v1.4 Provides the ifluatex switch (HO)
Package ifluatex Info: LuaTeX not detected.
Package hobsub Info: Skipping package `ifvtex' (already loaded).
Package: intcalc 2016/05/16 v1.2 Expandable calculations with integers (HO)
Package hobsub Info: Skipping package `ifpdf' (already loaded).
Package: etexcmds 2016/05/16 v1.6 Avoid name clashes with e-TeX commands (HO)
Package etexcmds Info: Could not find \expanded.
(etexcmds)             That can mean that you are not using pdfTeX 1.50 or
(etexcmds)             that some package has redefined \expanded.
(etexcmds)             In the latter case, load this package earlier.
Package: kvsetkeys 2016/05/16 v1.17 Key value parser (HO)
Package: kvdefinekeys 2016/05/16 v1.4 Define keys (HO)
Package: pdftexcmds 2017/03/19 v0.25 Utility functions of pdfTeX for LuaTeX (HO
)
Package pdftexcmds Info: LuaTeX not detected.
Package pdftexcmds Info: \pdf@primitive is available.
Package pdftexcmds Info: \pdf@ifprimitive is available.
Package pdftexcmds Info: \pdfdraftmode found.
Package: pdfescape 2016/05/16 v1.14 Implements pdfTeX's escape features (HO)
Package: bigintcalc 2016/05/16 v1.4 Expandable calculations on big integers (HO
)
Package: bitset 2016/05/16 v1.2 Handle bit-vector datatype (HO)
Package: uniquecounter 2016/05/16 v1.3 Provide unlimited unique counter (HO)
)
Package hobsub Info: Skipping package `hobsub' (already loaded).
Package: letltxmacro 2016/05/16 v1.5 Let assignment for LaTeX macros (HO)
Package: hopatch 2016/05/16 v1.3 Wrapper for package hooks (HO)
Package: xcolor-patch 2016/05/16 xcolor patch
Package: atveryend 2016/05/16 v1.9 Hooks at the very end of document (HO)
Package atveryend Info: \enddocument detected (standard20110627).
Package: atbegshi 2016/06/09 v1.18 At begin shipout hook (HO)
Package: refcount 2016/05/16 v3.5 Data extraction from label references (HO)
Package: hycolor 2016/05/16 v1.8 Color options for hyperref/bookmark (HO)
)
(/usr/share/texlive/texmf-dist/tex/latex/oberdiek/auxhook.sty
Package: auxhook 2016/05/16 v1.4 Hooks for auxiliary files (HO)
)
(/usr/share/texlive/texmf-dist/tex/latex/oberdiek/kvoptions.sty
Package: kvoptions 2016/05/16 v3.12 Key value format for package options (HO)
)
\@linkdim=\dimen123
\Hy@linkcounter=\count106
\Hy@pagecounter=\count107

(/usr/share/texlive/texmf-dist/tex/latex/hyperref/pd1enc.def
File: pd1enc.def 2017/03/14 v6.85a Hyperref: PDFDocEncoding definition (HO)
Now handling font encoding PD1 ...
... no UTF-8 mapping file for font encoding PD1
)
\Hy@SavedSpaceFactor=\count108

(/usr/share/texlive/texmf-dist/tex/latex/latexconfig/hyperref.cfg
File: hyperref.cfg 2002/06/06 v1.2 hyperref configuration of TeXLive
)
Package hyperref Info: Option `unicode' set `true' on input line 4374.

(/usr/share/texlive/texmf-dist/tex/latex/hyperref/puenc.def
File: puenc.def 2017/03/14 v6.85a Hyperref: PDF Unicode definition (HO)
Now handling font encoding PU ...
... no UTF-8 mapping file for font encoding PU
)
Package hyperref Info: Option `plainpages' set `false' on input line 4374.
Package hyperref Info: Option `pdfpagelabels' set `true' on input line 4374.
Package hyperref Info: Option `bookmarks' set `true' on input line 4374.
Package hyperref Info: Option `bookmarksnumbered' set `true' on input line 4374
.
Package hyperref Info: Option `bookmarksopen' set `true' on input line 4374.
Package hyperref Info: Option `breaklinks' set `true' on input line 4374.
Package hyperref Info: Option `colorlinks' set `true' on input line 4374.
Package hyperref Info: Option `hyperindex' set `true' on input line 4374.
Package hyperref Info: Option `hyperfigures' set `true' on input line 4374.
Package hyperref Info: Hyper figures ON on input line 4496.
Package hyperref Info: Link nesting OFF on input line 4503.
Package hyperref Info: Hyper index ON on input line 4506.
Package hyperref Info: Plain pages OFF on input line 4513.
Package hyperref Info: Backreferencing OFF on input line 4518.
Package hyperref Info: Implicit mode ON; LaTeX internals redefined.
Package hyperref Info: Bookmarks ON on input line 4751.
\c@Hy@tempcnt=\count109

(/usr/share/texlive/texmf-dist/tex/latex/url/url.sty
\Urlmuskip=\muskip11
Package: url 2013/09/16  ver 3.4  Verb mode for urls, etc.
)
LaTeX Info: Redefining \url on input line 5104.
\XeTeXLinkMargin=\dimen124
\Fld@menulength=\count110
\Field@Width=\dimen125
\Fld@charsize=\dimen126
Package hyperref Info: Hyper figures ON on input line 6356.
Package hyperref Info: Link nesting OFF on input line 6363.
Package hyperref Info: Hyper index ON on input line 6366.
Package hyperref Info: backreferencing OFF on input line 6373.
Package hyperref Info: Link coloring ON on input line 6376.
Package hyperref Info: Link coloring with OCG OFF on input line 6383.
Package hyperref Info: PDF/A mode OFF on input line 6388.
LaTeX Info: Redefining \ref on input line 6428.
LaTeX Info: Redefining \pageref on input line 6432.
\Hy@abspage=\count111
\c@Item=\count112
\c@Hfootnote=\count113
)

Package hyperref Message: Driver (autodetected): hpdftex.

(/usr/share/texlive/texmf-dist/tex/latex/hyperref/hpdftex.def
File: hpdftex.def 2017/03/14 v6.85a Hyperref driver for pdfTeX
\Fld@listcount=\count114
\c@bookmark@seq@number=\count115

(/usr/share/texlive/texmf-dist/tex/latex/oberdiek/rerunfilecheck.sty
Package: rerunfilecheck 2016/05/16 v1.8 Rerun checks for auxiliary files (HO)
Package uniquecounter Info: New unique counter `rerunfilecheck' on input line 2
82.
)
\Hy@SectionHShift=\skip51
)
(/usr/share/texlive/texmf-dist/tex/latex/amsfonts/amssymb.sty
Package: amssymb 2013/01/14 v3.01 AMS font symbols
)
(/usr/share/texlive/texmf-dist/tex/latex/graphics/graphicx.sty
Package: graphicx 2017/06/01 v1.1a Enhanced LaTeX Graphics (DPC,SPQR)

(/usr/share/texlive/texmf-dist/tex/latex/graphics/graphics.sty
Package: graphics 2017/06/25 v1.2c Standard LaTeX Graphics (DPC,SPQR)

(/usr/share/texlive/texmf-dist/tex/latex/graphics/trig.sty
Package: trig 2016/01/03 v1.10 sin cos tan (DPC)
)
(/usr/share/texlive/texmf-dist/tex/latex/graphics-cfg/graphics.cfg
File: graphics.cfg 2016/06/04 v1.11 sample graphics configuration
)
Package graphics Info: Driver file: pdftex.def on input line 99.

(/usr/share/texlive/texmf-dist/tex/latex/graphics-def/pdftex.def
File: pdftex.def 2017/06/24 v1.0g Graphics/color driver for pdftex
))
\Gin@req@height=\dimen127
\Gin@req@width=\dimen128
)
(/usr/share/texlive/texmf-dist/tex/latex/type1cm/type1cm.sty
Package: type1cm 2002/09/05 v0.04 BlueSky/Y&Y Type1 CM font definitions (DPC, p
atched RF)
)
(/usr/share/texlive/texmf-dist/tex/latex/setspace/setspace.sty
Package: setspace 2011/12/19 v6.7a set line spacing
))
(/usr/share/texlive/texmf-dist/tex/latex/mathtools/mathtools.sty
Package: mathtools 2017/05/24 v1.19 mathematical typesetting tools

(/usr/share/texlive/texmf-dist/tex/latex/tools/calc.sty
Package: calc 2014/10/28 v4.3 Infix arithmetic (KKT,FJ)
\calc@Acount=\count116
\calc@Bcount=\count117
\calc@Adimen=\dimen129
\calc@Bdimen=\dimen130
\calc@Askip=\skip52
\calc@Bskip=\skip53
LaTeX Info: Redefining \setlength on input line 80.
LaTeX Info: Redefining \addtolength on input line 81.
\calc@Ccount=\count118
\calc@Cskip=\skip54
)
(/usr/share/texlive/texmf-dist/tex/latex/mathtools/mhsetup.sty
Package: mhsetup 2017/03/31 v1.3 programming setup (MH)
)
LaTeX Info: Thecontrolsequence`\('isalreadyrobust on input line 129.
LaTeX Info: Thecontrolsequence`\)'isalreadyrobust on input line 129.
LaTeX Info: Thecontrolsequence`\['isalreadyrobust on input line 129.
LaTeX Info: Thecontrolsequence`\]'isalreadyrobust on input line 129.
\g_MT_multlinerow_int=\count119
\l_MT_multwidth_dim=\dimen131
\origjot=\skip55
\l_MT_shortvdotswithinadjustabove_dim=\dimen132
\l_MT_shortvdotswithinadjustbelow_dim=\dimen133
\l_MT_above_intertext_sep=\dimen134
\l_MT_below_intertext_sep=\dimen135
\l_MT_above_shortintertext_sep=\dimen136
\l_MT_below_shortintertext_sep=\dimen137
) (./locdef.tex) (./main.aux)
\openout1 = `main.aux'.

LaTeX Font Info:    Checking defaults for OML/cmm/m/it on input line 9.
LaTeX Font Info:    ... okay on input line 9.
LaTeX Font Info:    Checking defaults for T1/cmr/m/n on input line 9.
LaTeX Font Info:    ... okay on input line 9.
LaTeX Font Info:    Checking defaults for OT1/cmr/m/n on input line 9.
LaTeX Font Info:    ... okay on input line 9.
LaTeX Font Info:    Checking defaults for OMS/cmsy/m/n on input line 9.
LaTeX Font Info:    ... okay on input line 9.
LaTeX Font Info:    Checking defaults for OMX/cmex/m/n on input line 9.
LaTeX Font Info:    ... okay on input line 9.
LaTeX Font Info:    Checking defaults for U/cmr/m/n on input line 9.
LaTeX Font Info:    ... okay on input line 9.
LaTeX Font Info:    Checking defaults for PD1/pdf/m/n on input line 9.
LaTeX Font Info:    ... okay on input line 9.
LaTeX Font Info:    Checking defaults for PU/pdf/m/n on input line 9.
LaTeX Font Info:    ... okay on input line 9.

*geometry* driver: auto-detecting
*geometry* detected driver: pdftex
*geometry* verbose mode - [ preamble ] result:
* driver: pdftex
* paper: <default>
* layout: <same size as paper>
* layoutoffset:(h,v)=(0.0pt,0.0pt)
* modes: twoside 
* h-part:(L,W,R)=(71.13188pt, 472.03123pt, 71.13188pt)
* v-part:(T,H,B)=(71.13188pt, 652.70622pt, 71.13188pt)
* \paperwidth=614.295pt
* \paperheight=794.96999pt
* \textwidth=472.03123pt
* \textheight=652.70622pt
* \oddsidemargin=-1.1381pt
* \evensidemargin=-1.1381pt
* \topmargin=-1.1381pt
* \headheight=0.0pt
* \headsep=0.0pt
* \topskip=10.0pt
* \footskip=18.0pt
* \marginparwidth=90.0pt
* \marginparsep=11.0pt
* \columnsep=10.0pt
* \skip\footins=7.0pt plus 11.0pt
* \hoffset=0.0pt
* \voffset=0.0pt
* \mag=1000
* \@twocolumnfalse
* \@twosidetrue
* \@mparswitchtrue
* \@reversemarginfalse
* (1in=72.27pt=25.4mm, 1cm=28.453pt)


LaTeX Warning: Please use \usepackage{t1enc} with
               \usepackage[hungarian]{babel}, to get accented chars hyphenated.


\AtBeginShipoutBox=\box29
(/usr/share/texlive/texmf-dist/tex/latex/graphics/color.sty
Package: color 2016/07/10 v1.1e Standard LaTeX Color (DPC)

(/usr/share/texlive/texmf-dist/tex/latex/graphics-cfg/color.cfg
File: color.cfg 2016/01/02 v1.6 sample color configuration
)
Package color Info: Driver file: pdftex.def on input line 147.
)
Package hyperref Info: Link coloring ON on input line 9.

(/usr/share/texlive/texmf-dist/tex/latex/hyperref/nameref.sty
Package: nameref 2016/05/21 v2.44 Cross-referencing by name of section

(/usr/share/texlive/texmf-dist/tex/generic/oberdiek/gettitlestring.sty
Package: gettitlestring 2016/05/16 v1.5 Cleanup title references (HO)
)
\c@section@level=\count120
)
LaTeX Info: Redefining \ref on input line 9.
LaTeX Info: Redefining \pageref on input line 9.
LaTeX Info: Redefining \nameref on input line 9.

(./main.out) (./main.out)
\@outlinefile=\write3
\openout3 = `main.out'.


(/usr/share/texlive/texmf-dist/tex/context/base/mkii/supp-pdf.mkii
[Loading MPS to PDF converter (version 2006.09.02).]
\scratchcounter=\count121
\scratchdimen=\dimen138
\scratchbox=\box30
\nofMPsegments=\count122
\nofMParguments=\count123
\everyMPshowfont=\toks29
\MPscratchCnt=\count124
\MPscratchDim=\dimen139
\MPnumerator=\count125
\makeMPintoPDFobject=\count126
\everyMPtoPDFconversion=\toks30
) (/usr/share/texlive/texmf-dist/tex/latex/oberdiek/epstopdf-base.sty
Package: epstopdf-base 2016/05/15 v2.6 Base part for package epstopdf

(/usr/share/texlive/texmf-dist/tex/latex/oberdiek/grfext.sty
Package: grfext 2016/05/16 v1.2 Manage graphics extensions (HO)
)
Package epstopdf-base Info: Redefining graphics rule for `.eps' on input line 4
38.
Package grfext Info: Graphics extension search list:
(grfext)             [.pdf,.png,.jpg,.mps,.jpeg,.jbig2,.jb2,.PDF,.PNG,.JPG,.JPE
G,.JBIG2,.JB2,.eps]
(grfext)             \AppendGraphicsExtensions on input line 456.

(/usr/share/texlive/texmf-dist/tex/latex/latexconfig/epstopdf-sys.cfg
File: epstopdf-sys.cfg 2010/07/13 v1.3 Configuration of (r)epstopdf for TeX Liv
e
))
[1


{/var/lib/texmf/fonts/map/pdftex/updmap/pdftex.map}] [2]
Underfull \hbox (badness 10000) in paragraph at lines 30--32

 []

[3

] (./DB/AlapAMGMKira.tex) (./DB/AlapAMQMKira.tex) (./DB/AlapBinKira.tex

Package amsmath Warning: Foreign command \atopwithdelims;
(amsmath)                \frac or \genfrac should be used instead
(amsmath)                 on input line 4.

) (./DB/AlapBerKira.tex) (./DB/AlapCBSKira.tex) (./DB/AlapGMHMKira.tex)
(./DB/AlapPowMeanKira.tex) [4] (./DB/AlapRearrKira.tex) (./DB/AlapSchurKira.tex
) (./DB/AlapWgtAMGMKira.tex) (./DB/FolGoRa1Kira.tex) (./DB/FolSchurEx1Kira.tex)
(./DB/FoleDef1Kira.tex) (./DB/FolCik1Kira.tex) [5] (./DB/FolMdt1Kira.tex)
(./DB/FolLem1Kira.tex) (./DB/Schev1Kira.tex) (./DB/Schev31Kira.tex)
(./DB/Schev13Kira.tex) (./DB/Schev27Kira.tex) [6] (./DB/Oktv2007IIIkI2Kira.tex)
(./DB/Oktv1974II1Kira.tex) (./DB/Oktv1973I5Kira.tex) (./DB/AlapAMGMFa.tex)
Underfull \hbox (badness 10000) in paragraph at lines 5--91

 []


Underfull \hbox (badness 10000) in paragraph at lines 91--92

 []

(./DB/AlapAMQMFa.tex)
Underfull \hbox (badness 10000) in paragraph at lines 11--92

 []

[7]
Underfull \hbox (badness 10000) in paragraph at lines 92--93

 []

(./DB/AlapBinFa.tex)
Underfull \hbox (badness 10000) in paragraph at lines 5--93

 []


Underfull \hbox (badness 10000) in paragraph at lines 93--94

 []

(./DB/AlapSchurFa.tex)
Underfull \hbox (badness 10000) in paragraph at lines 5--94

 []


Underfull \hbox (badness 10000) in paragraph at lines 94--95

 []

(./DB/AlapBerFa.tex)
Underfull \hbox (badness 10000) in paragraph at lines 6--95

 []


Underfull \hbox (badness 10000) in paragraph at lines 95--96

 []

(./DB/AlapCBSFa.tex
Underfull \vbox (badness 10000) has occurred while \output is active []

 [8])
Underfull \hbox (badness 10000) in paragraph at lines 7--96

 []


Underfull \hbox (badness 10000) in paragraph at lines 7--96

 []


Underfull \hbox (badness 10000) in paragraph at lines 96--97

 []

(./DB/AlapGMHMFa.tex)
Underfull \hbox (badness 10000) in paragraph at lines 6--97

 []


Underfull \hbox (badness 10000) in paragraph at lines 97--98

 []

(./DB/AlapRearrFa.tex)
Underfull \hbox (badness 10000) in paragraph at lines 98--98

 []


Underfull \hbox (badness 10000) in paragraph at lines 98--99

 []

(./DB/AlapWgtAMGMFa.tex)
Underfull \hbox (badness 10000) in paragraph at lines 6--99

 []


Underfull \vbox (badness 10000) has occurred while \output is active []

 [9]

LaTeX Warning: Reference `AlapWgtAMGMUm' on page 10 undefined on input line 99.



LaTeX Warning: Reference `AlapWgtAMGMMo' on page 10 undefined on input line 99.



Underfull \hbox (badness 10000) in paragraph at lines 99--100

 []

(./DB/AlapPowMeanFa.tex)
Underfull \hbox (badness 10000) in paragraph at lines 6--100

 []


LaTeX Warning: Reference `AlapPowMeanUm' on page 10 undefined on input line 100
.


LaTeX Warning: Reference `AlapPowMeanMo' on page 10 undefined on input line 100
.


Underfull \hbox (badness 10000) in paragraph at lines 100--103

 []

(./DB/FolGoRa1Fa.tex)
Underfull \hbox (badness 10000) in paragraph at lines 5--105

 []


Underfull \hbox (badness 10000) in paragraph at lines 105--106

 []

(./DB/FolSchurEx1Fa.tex)
Underfull \hbox (badness 10000) in paragraph at lines 5--106

 []


Underfull \hbox (badness 10000) in paragraph at lines 106--107

 []

(./DB/FoleDef1Fa.tex [10])
Underfull \hbox (badness 10000) in paragraph at lines 6--107

 []


Underfull \hbox (badness 10000) in paragraph at lines 107--108

 []

(./DB/FolCik1Fa.tex)
Underfull \hbox (badness 10000) in paragraph at lines 5--108

 []


Underfull \hbox (badness 10000) in paragraph at lines 108--109

 []

(./DB/FolMdt1Fa.tex)
Underfull \hbox (badness 10000) in paragraph at lines 5--109

 []


Underfull \hbox (badness 10000) in paragraph at lines 109--110

 []

(./DB/FolEng1Fa.tex)
Underfull \hbox (badness 10000) in paragraph at lines 6--110

 []


Underfull \hbox (badness 10000) in paragraph at lines 110--112

 []

(./DB/FolKrs19612Fa.tex
Underfull \vbox (badness 10000) has occurred while \output is active []

 [11])
Underfull \hbox (badness 10000) in paragraph at lines 112--112

 []


Underfull \hbox (badness 10000) in paragraph at lines 112--113

 []

(./DB/FolRearrMultiFa.tex)
Underfull \hbox (badness 10000) in paragraph at lines 8--113

 []


Underfull \hbox (badness 10000) in paragraph at lines 113--114

 []

(./DB/FolRearrCorrFa.tex)
Underfull \hbox (badness 10000) in paragraph at lines 6--114

 []


Underfull \hbox (badness 10000) in paragraph at lines 114--115

 []

(./DB/FolProd1Fa.tex
Underfull \vbox (badness 10000) has occurred while \output is active []

 [12])
Underfull \hbox (badness 10000) in paragraph at lines 6--115

 []


Underfull \hbox (badness 10000) in paragraph at lines 115--116

 []

(./DB/FolPowMeanFa.tex)
Underfull \hbox (badness 10000) in paragraph at lines 116--116

 []


Underfull \hbox (badness 10000) in paragraph at lines 116--117

 []

(./DB/FolLem1Fa.tex)
Underfull \hbox (badness 10000) in paragraph at lines 5--117

 []


Underfull \hbox (badness 10000) in paragraph at lines 117--120

 []

(./DB/ArDa1975IIh2Fa.tex)
Underfull \hbox (badness 10000) in paragraph at lines 4--122

 []


Underfull \vbox (badness 1496) has occurred while \output is active []

 [13]
Underfull \hbox (badness 10000) in paragraph at lines 122--123

 []

(./DB/ArDa1974IIhm2Fa.tex)
Underfull \hbox (badness 10000) in paragraph at lines 8--123

 []


Underfull \hbox (badness 10000) in paragraph at lines 123--126

 []

(./DB/Oktv1967Ia1Fa.tex)
Underfull \hbox (badness 10000) in paragraph at lines 4--129

 []


Underfull \hbox (badness 10000) in paragraph at lines 129--130

 []

(./DB/Oktv1968Im1Fa.tex)
Underfull \hbox (badness 10000) in paragraph at lines 5--130

 []


Underfull \hbox (badness 10000) in paragraph at lines 130--131

 []

(./DB/Oktv1970I1Fa.tex)
Underfull \hbox (badness 10000) in paragraph at lines 1--131

 []


Underfull \vbox (badness 4441) has occurred while \output is active []

 [14]
Underfull \hbox (badness 10000) in paragraph at lines 131--132

 []

(./DB/Oktv1973I5Fa.tex)
Underfull \hbox (badness 10000) in paragraph at lines 6--132

 []


Underfull \hbox (badness 10000) in paragraph at lines 132--133

 []

(./DB/Oktv1974II1Fa.tex)
Underfull \hbox (badness 10000) in paragraph at lines 5--133

 []


Underfull \hbox (badness 10000) in paragraph at lines 133--134

 []

(./DB/Oktv2007IIIkI2Fa.tex)
Underfull \hbox (badness 10000) in paragraph at lines 7--134

 []


Underfull \hbox (badness 10000) in paragraph at lines 134--137

 []

(./DB/KomalB4736Fa.tex [15])
Underfull \hbox (badness 10000) in paragraph at lines 6--140

 []


Underfull \hbox (badness 10000) in paragraph at lines 140--141

 []

(./DB/KomalB4753Fa.tex)
Underfull \hbox (badness 10000) in paragraph at lines 4--141

 []


Underfull \hbox (badness 10000) in paragraph at lines 141--142

 []

(./DB/KomalF2465Fa.tex)
Underfull \hbox (badness 10000) in paragraph at lines 4--142

 []


Underfull \hbox (badness 10000) in paragraph at lines 142--143

 []

(./DB/KomalF2501Fa.tex)
Underfull \hbox (badness 10000) in paragraph at lines 1--143

 []


Underfull \hbox (badness 10000) in paragraph at lines 143--144

 []

(./DB/KomalGy2254Fa.tex
Underfull \vbox (badness 10000) has occurred while \output is active []

 [16])
Underfull \hbox (badness 10000) in paragraph at lines 4--144

 []


Underfull \hbox (badness 10000) in paragraph at lines 144--147

 []

(./DB/Hajos20043Fa.tex)
Underfull \hbox (badness 10000) in paragraph at lines 4--149

 []


Underfull \hbox (badness 10000) in paragraph at lines 149--150

 []

(./DB/Hajos20103Fa.tex)
Underfull \hbox (badness 10000) in paragraph at lines 5--150

 []


Underfull \hbox (badness 10000) in paragraph at lines 150--153

 []

(./DB/Imo19952Fa.tex)
Underfull \hbox (badness 10000) in paragraph at lines 5--155

 []


Underfull \hbox (badness 10000) in paragraph at lines 155--156

 []

[17] (./DB/Imo19642Fa.tex)
Underfull \hbox (badness 10000) in paragraph at lines 6--156

 []


Underfull \hbox (badness 10000) in paragraph at lines 156--159

 []

(./DB/Egmo2016dI1Fa.tex)
Underfull \hbox (badness 10000) in paragraph at lines 7--162

 []


Underfull \hbox (badness 10000) in paragraph at lines 162--165

 []

(./DB/Krs19612Fa.tex)
Underfull \hbox (badness 10000) in paragraph at lines 5--167

 []


Underfull \hbox (badness 10000) in paragraph at lines 167--170

 []

(./DB/Schev1Fa.tex [18])
Underfull \hbox (badness 10000) in paragraph at lines 5--173

 []


Underfull \hbox (badness 10000) in paragraph at lines 173--174

 []

(./DB/Schev31Fa.tex)
Underfull \hbox (badness 10000) in paragraph at lines 5--174

 []


Underfull \hbox (badness 10000) in paragraph at lines 174--175

 []

(./DB/Schev13Fa.tex)
Underfull \hbox (badness 10000) in paragraph at lines 5--175

 []


Underfull \hbox (badness 10000) in paragraph at lines 175--176

 []

(./DB/Schev27Fa.tex
Underfull \vbox (badness 10000) has occurred while \output is active []

 [19])
Underfull \hbox (badness 10000) in paragraph at lines 9--176

 []


LaTeX Warning: Reference `Schev27Um' on page 20 undefined on input line 176.


LaTeX Warning: Reference `Schev27Mo' on page 20 undefined on input line 176.


Underfull \hbox (badness 10000) in paragraph at lines 176--177

 []

[20] (./DB/AlapAMGMUm.tex)
Underfull \hbox (badness 10000) in paragraph at lines 1--195

 []


Underfull \hbox (badness 10000) in paragraph at lines 195--196

 []

(./DB/AlapAMQMUm.tex)
Underfull \hbox (badness 10000) in paragraph at lines 1--196

 []


Underfull \hbox (badness 10000) in paragraph at lines 196--197

 []

(./DB/AlapBinUm.tex)
Underfull \hbox (badness 10000) in paragraph at lines 1--197

 []


Underfull \hbox (badness 10000) in paragraph at lines 197--198

 []

(./DB/AlapSchurUm.tex)
Underfull \hbox (badness 10000) in paragraph at lines 1--198

 []


Underfull \hbox (badness 10000) in paragraph at lines 198--199

 []

(./DB/AlapBerUm.tex)
Underfull \hbox (badness 10000) in paragraph at lines 1--199

 []


Underfull \hbox (badness 10000) in paragraph at lines 199--200

 []

(./DB/AlapCBSUm.tex)
Underfull \hbox (badness 10000) in paragraph at lines 2--200

 []

[21]
Underfull \hbox (badness 10000) in paragraph at lines 200--201

 []

(./DB/AlapGMHMUm.tex)
Underfull \hbox (badness 10000) in paragraph at lines 2--201

 []


Underfull \hbox (badness 10000) in paragraph at lines 201--202

 []

(./DB/AlapRearrUm.tex)
Underfull \hbox (badness 10000) in paragraph at lines 2--202

 []


Underfull \hbox (badness 10000) in paragraph at lines 202--205

 []

(./DB/FolGoRa1Um.tex)
Underfull \hbox (badness 10000) in paragraph at lines 1--208

 []


Underfull \hbox (badness 10000) in paragraph at lines 208--209

 []

(./DB/FolSchurEx1Um.tex)
Underfull \hbox (badness 10000) in paragraph at lines 1--209

 []


Underfull \hbox (badness 10000) in paragraph at lines 209--210

 []

(./DB/FoleDef1Um.tex)
Underfull \hbox (badness 10000) in paragraph at lines 1--210

 []


Underfull \hbox (badness 10000) in paragraph at lines 210--211

 []


Underfull \vbox (badness 10000) has occurred while \output is active []

 [22]
(./DB/FolCik1Um.tex)
Underfull \hbox (badness 10000) in paragraph at lines 1--211

 []


Underfull \hbox (badness 10000) in paragraph at lines 211--212

 []

(./DB/FolMdt1Um.tex)
Underfull \hbox (badness 10000) in paragraph at lines 2--212

 []


Underfull \hbox (badness 10000) in paragraph at lines 212--213

 []

(./DB/FolEng1Um.tex)
Underfull \hbox (badness 10000) in paragraph at lines 2--213

 []


Underfull \hbox (badness 10000) in paragraph at lines 213--214

 []

(./DB/FolKrs19612Um.tex)
Underfull \hbox (badness 10000) in paragraph at lines 2--214

 []


Underfull \hbox (badness 10000) in paragraph at lines 214--215

 []

(./DB/FolRearrMultiUm.tex)
Underfull \hbox (badness 10000) in paragraph at lines 2--215

 []


Underfull \hbox (badness 10000) in paragraph at lines 215--216

 []

(./DB/FolRearrCorrUm.tex)
Underfull \hbox (badness 10000) in paragraph at lines 2--216

 []


Underfull \hbox (badness 10000) in paragraph at lines 216--217

 []


Underfull \vbox (badness 10000) has occurred while \output is active []

 [23]
(./DB/FolProd1Um.tex)
Underfull \hbox (badness 10000) in paragraph at lines 2--217

 []


Underfull \hbox (badness 10000) in paragraph at lines 217--218

 []

(./DB/FolPowMeanUm.tex)
Underfull \hbox (badness 10000) in paragraph at lines 2--218

 []


Underfull \hbox (badness 10000) in paragraph at lines 218--219

 []

(./DB/FolLem1Um.tex)
Underfull \hbox (badness 10000) in paragraph at lines 2--219

 []


Underfull \hbox (badness 10000) in paragraph at lines 219--220

 []

(./DB/ArDa1975IIh2Um.tex)
Underfull \hbox (badness 10000) in paragraph at lines 225--225

 []


Underfull \hbox (badness 10000) in paragraph at lines 225--226

 []

(./DB/ArDa1974IIhm2Um.tex)
Underfull \hbox (badness 10000) in paragraph at lines 2--226

 []


Underfull \hbox (badness 10000) in paragraph at lines 226--229

 []


Underfull \vbox (badness 10000) has occurred while \output is active []

 [24]
(./DB/Oktv1967Ia1Um.tex)
Underfull \hbox (badness 10000) in paragraph at lines 1--233

 []


Underfull \hbox (badness 10000) in paragraph at lines 233--234

 []

(./DB/Oktv1968Im1Um.tex)
Underfull \hbox (badness 10000) in paragraph at lines 1--234

 []


Underfull \hbox (badness 10000) in paragraph at lines 234--235

 []

(./DB/Oktv1970I1Um.tex)
Underfull \hbox (badness 10000) in paragraph at lines 1--235

 []


Underfull \hbox (badness 10000) in paragraph at lines 235--236

 []

(./DB/Oktv1973I5Um.tex)
Underfull \hbox (badness 10000) in paragraph at lines 1--236

 []


Underfull \hbox (badness 10000) in paragraph at lines 236--237

 []

(./DB/Oktv1974II1Um.tex)
Underfull \hbox (badness 10000) in paragraph at lines 2--237

 []


Underfull \hbox (badness 10000) in paragraph at lines 237--238

 []

(./DB/Oktv2007IIIkI2Um.tex)
Underfull \hbox (badness 10000) in paragraph at lines 2--238

 []

[25]
Underfull \hbox (badness 10000) in paragraph at lines 238--241

 []

(./DB/KomalB4736Um.tex)
Underfull \hbox (badness 10000) in paragraph at lines 1--243

 []


Underfull \hbox (badness 10000) in paragraph at lines 243--244

 []

(./DB/KomalB4753Um.tex)
Underfull \hbox (badness 10000) in paragraph at lines 1--244

 []


Underfull \hbox (badness 10000) in paragraph at lines 244--245

 []

(./DB/KomalF2465Um.tex)
Underfull \hbox (badness 10000) in paragraph at lines 1--245

 []


Underfull \hbox (badness 10000) in paragraph at lines 245--246

 []

(./DB/KomalF2501Um.tex)
Underfull \hbox (badness 10000) in paragraph at lines 1--246

 []


Underfull \hbox (badness 10000) in paragraph at lines 246--247

 []

(./DB/KomalGy2254Um.tex)
Underfull \hbox (badness 10000) in paragraph at lines 1--247

 []


Underfull \hbox (badness 10000) in paragraph at lines 247--250

 []


Underfull \vbox (badness 10000) has occurred while \output is active []

 [26]
(./DB/Hajos20043Um.tex)
Underfull \hbox (badness 10000) in paragraph at lines 1--252

 []


Underfull \hbox (badness 10000) in paragraph at lines 252--253

 []

(./DB/Hajos20103Um.tex)
Underfull \hbox (badness 10000) in paragraph at lines 1--253

 []


Underfull \hbox (badness 10000) in paragraph at lines 253--256

 []

(./DB/Imo19952Um.tex)
Underfull \hbox (badness 10000) in paragraph at lines 2--258

 []


Underfull \hbox (badness 10000) in paragraph at lines 258--259

 []

(./DB/Imo19642Um.tex)
Underfull \hbox (badness 10000) in paragraph at lines 2--259

 []


Underfull \hbox (badness 10000) in paragraph at lines 259--261

 []

(./DB/Egmo2016dI1Um.tex)
Underfull \hbox (badness 10000) in paragraph at lines 2--263

 []


Underfull \hbox (badness 10000) in paragraph at lines 263--266

 []

[27] (./DB/Krs19612Um.tex)
Underfull \hbox (badness 10000) in paragraph at lines 2--268

 []


Underfull \hbox (badness 10000) in paragraph at lines 268--271

 []

(./DB/Schev1Um.tex)
Underfull \hbox (badness 10000) in paragraph at lines 2--273

 []


Underfull \hbox (badness 10000) in paragraph at lines 273--274

 []

(./DB/Schev31Um.tex)
Underfull \hbox (badness 10000) in paragraph at lines 2--274

 []


Underfull \hbox (badness 10000) in paragraph at lines 274--275

 []

(./DB/Schev13Um.tex)
Underfull \hbox (badness 10000) in paragraph at lines 2--275

 []


Underfull \hbox (badness 10000) in paragraph at lines 275--278

 []

[28] (./DB/AlapAMGMMo.tex)
Underfull \hbox (badness 10000) in paragraph at lines 41--292

 []


Underfull \hbox (badness 10000) in paragraph at lines 292--293

 []

(./DB/AlapAMQMMo.tex [29])
Underfull \hbox (badness 10000) in paragraph at lines 34--293

 []


Underfull \hbox (badness 10000) in paragraph at lines 293--294

 []

(./DB/AlapBinMo.tex)
Underfull \hbox (badness 10000) in paragraph at lines 1--294

 []


Underfull \hbox (badness 10000) in paragraph at lines 294--295

 []


Underfull \vbox (badness 10000) has occurred while \output is active []

 [30]
(./DB/AlapSchurMo.tex)
Underfull \hbox (badness 10000) in paragraph at lines 15--295

 []


Underfull \hbox (badness 10000) in paragraph at lines 295--296

 []

(./DB/AlapBerMo.tex)
Underfull \hbox (badness 10000) in paragraph at lines 8--296

 []


Underfull \hbox (badness 10000) in paragraph at lines 296--297

 []

(./DB/AlapCBSMo.tex
Underfull \vbox (badness 10000) has occurred while \output is active []

 [31])
Underfull \hbox (badness 10000) in paragraph at lines 20--297

 []


Underfull \hbox (badness 10000) in paragraph at lines 297--298

 []

(./DB/AlapGMHMMo.tex)
Underfull \hbox (badness 10000) in paragraph at lines 6--298

 []


Underfull \hbox (badness 10000) in paragraph at lines 298--299

 []

(./DB/AlapRearrMo.tex
Underfull \vbox (badness 10000) has occurred while \output is active []

 [32])
Underfull \hbox (badness 10000) in paragraph at lines 20--299

 []


Underfull \hbox (badness 10000) in paragraph at lines 299--302

 []

(./DB/FolGoRa1Mo.tex)
Underfull \hbox (badness 10000) in paragraph at lines 304--304

 []


Underfull \hbox (badness 10000) in paragraph at lines 304--305

 []

(./DB/FolSchurEx1Mo.tex [33])
Underfull \hbox (badness 10000) in paragraph at lines 16--305

 []


Underfull \hbox (badness 10000) in paragraph at lines 305--306

 []

(./DB/FoleDef1Mo.tex)
Underfull \hbox (badness 10000) in paragraph at lines 17--306

 []


Underfull \hbox (badness 10000) in paragraph at lines 306--307

 []

(./DB/FolCik1Mo.tex)
Underfull \hbox (badness 10000) in paragraph at lines 1--307

 []


Underfull \hbox (badness 10000) in paragraph at lines 307--308

 []


Underfull \vbox (badness 10000) has occurred while \output is active []

 [34]
(./DB/FolMdt1Mo.tex)
Underfull \hbox (badness 10000) in paragraph at lines 5--308

 []


Underfull \hbox (badness 10000) in paragraph at lines 5--308

 []


Underfull \hbox (badness 10000) in paragraph at lines 308--309

 []

(./DB/FolEng1Mo.tex)
Underfull \hbox (badness 10000) in paragraph at lines 5--309

 []


Underfull \hbox (badness 10000) in paragraph at lines 309--310

 []

(./DB/FolKrs19612Mo.tex)
Underfull \hbox (badness 10000) in paragraph at lines 2--310

 []


Underfull \hbox (badness 10000) in paragraph at lines 310--311

 []

(./DB/FolRearrMultiMo.tex)
Underfull \hbox (badness 10000) in paragraph at lines 311--311

 []


Underfull \hbox (badness 10000) in paragraph at lines 311--312

 []


Underfull \vbox (badness 10000) has occurred while \output is active []

 [35]
(./DB/FolRearrCorrMo.tex)
Underfull \hbox (badness 10000) in paragraph at lines 2--312

 []


Underfull \hbox (badness 10000) in paragraph at lines 2--312

 []


Underfull \hbox (badness 10000) in paragraph at lines 312--313

 []

(./DB/FolProd1Mo.tex)
Underfull \hbox (badness 10000) in paragraph at lines 313--313

 []


Underfull \hbox (badness 10000) in paragraph at lines 313--314

 []

(./DB/FolPowMeanMo.tex

LaTeX Warning: Reference `AlapAMGM' on page 36 undefined on input line 3.

)
Underfull \hbox (badness 10000) in paragraph at lines 6--314

 []


Underfull \vbox (badness 10000) has occurred while \output is active []

 [36]
Underfull \hbox (badness 10000) in paragraph at lines 314--315

 []

(./DB/FolLem1Mo.tex)
Underfull \hbox (badness 10000) in paragraph at lines 2--315

 []


Underfull \hbox (badness 10000) in paragraph at lines 315--316

 []

(./DB/ArDa1975IIh2Mo.tex)
Underfull \hbox (badness 10000) in paragraph at lines 321--321

 []


Underfull \hbox (badness 10000) in paragraph at lines 321--322

 []


Underfull \vbox (badness 10000) has occurred while \output is active []

 [37]
(./DB/ArDa1974IIhm2Mo.tex)
Underfull \hbox (badness 10000) in paragraph at lines 2--322

 []


Underfull \hbox (badness 10000) in paragraph at lines 322--325

 []

(./DB/Oktv1967Ia1Mo.tex)
Underfull \hbox (badness 10000) in paragraph at lines 12--328

 []


Underfull \hbox (badness 10000) in paragraph at lines 328--329

 []

(./DB/Oktv1968Im1Mo.tex)
Underfull \hbox (badness 10000) in paragraph at lines 8--329

 []


Underfull \vbox (badness 10000) has occurred while \output is active []

 [38]
Underfull \hbox (badness 10000) in paragraph at lines 329--330

 []

(./DB/Oktv1970I1Mo.tex)
Underfull \hbox (badness 10000) in paragraph at lines 10--330

 []


Underfull \hbox (badness 10000) in paragraph at lines 330--331

 []

(./DB/Oktv1973I5Mo.tex)
Underfull \hbox (badness 10000) in paragraph at lines 10--331

 []


Underfull \hbox (badness 10000) in paragraph at lines 331--332

 []

(./DB/Oktv1974II1Mo.tex
Underfull \vbox (badness 10000) has occurred while \output is active []

 [39])
Underfull \hbox (badness 10000) in paragraph at lines 6--332

 []


Underfull \hbox (badness 10000) in paragraph at lines 332--333

 []

(./DB/Oktv2007IIIkI2Mo.tex)
Underfull \hbox (badness 10000) in paragraph at lines 2--333

 []


Underfull \hbox (badness 10000) in paragraph at lines 333--336

 []

(./DB/KomalB4736Mo.tex
Underfull \vbox (badness 10000) has occurred while \output is active []

 [40])
Underfull \hbox (badness 10000) in paragraph at lines 27--338

 []


Underfull \hbox (badness 10000) in paragraph at lines 338--339

 []

(./DB/KomalB4753Mo.tex)
Underfull \hbox (badness 10000) in paragraph at lines 6--339

 []


Underfull \hbox (badness 10000) in paragraph at lines 339--340

 []

(./DB/KomalF2465Mo.tex)
Underfull \hbox (badness 10000) in paragraph at lines 7--340

 []


Underfull \vbox (badness 10000) has occurred while \output is active []

 [41]
Underfull \hbox (badness 10000) in paragraph at lines 340--341

 []

(./DB/KomalF2501Mo.tex
Overfull \hbox (1.2747pt too wide) in paragraph at lines 1--3
[]\OT1/cmr/m/it/12 1.megold^^Sas: \OT1/cmr/m/n/12 Ha $\OML/cmm/m/it/12 n$ \OT1/
cmr/m/n/12 nem n^^Segyzetsz^^Sam, ak-kor $2\OML/cmm/m/it/12 k$ \OT1/cmr/m/n/12 
oszt^^Soja me-lyek p^^Sarba ^^Sall^^S^^Pthat^^Soak: $(\OML/cmm/m/it/12 d[]; []\
OT1/cmr/m/n/12 ) \OML/cmm/m/it/12 i \OT1/cmr/m/n/12 =
 []

)
Underfull \hbox (badness 10000) in paragraph at lines 23--341

 []


Underfull \hbox (badness 10000) in paragraph at lines 23--341

 []


Underfull \hbox (badness 10000) in paragraph at lines 341--342

 []

(./DB/KomalGy2254Mo.tex
Underfull \vbox (badness 10000) has occurred while \output is active []

 [42])
Underfull \hbox (badness 10000) in paragraph at lines 22--342

 []


Underfull \hbox (badness 10000) in paragraph at lines 342--345

 []

(./DB/Hajos20043Mo.tex)
Underfull \hbox (badness 10000) in paragraph at lines 13--347

 []


Underfull \hbox (badness 10000) in paragraph at lines 347--348

 []

(./DB/Hajos20103Mo.tex)
Underfull \hbox (badness 10000) in paragraph at lines 13--348

 []


Underfull \vbox (badness 1275) has occurred while \output is active []

 [43]
Underfull \hbox (badness 10000) in paragraph at lines 348--351

 []

(./DB/Imo19952Mo.tex)
Underfull \hbox (badness 10000) in paragraph at lines 15--353

 []


Underfull \hbox (badness 10000) in paragraph at lines 353--354

 []

(./DB/Imo19642Mo.tex)
Underfull \hbox (badness 10000) in paragraph at lines 2--354

 []


Underfull \hbox (badness 10000) in paragraph at lines 354--356

 []

(./DB/Egmo2016dI1Mo.tex [44])
Underfull \hbox (badness 10000) in paragraph at lines 358--358

 []


Underfull \hbox (badness 10000) in paragraph at lines 358--361

 []

(./DB/Krs19612Mo.texpdfTeX warning (ext4): destination with the same identifier
 (name{equation.0.5.1}) has been already used, duplicate ignored
<to be read again> 
                   \relax 
l.36 \begin{equation}
                     pdfTeX warning (ext4): destination with the same identifie
r (name{equation.0.5.1}) has been already used, duplicate ignored
<to be read again> 
                   \relax 
l.36 \begin{equation}
                     pdfTeX warning (ext4): destination with the same identifie
r (name{equation.0.5.1}) has been already used, duplicate ignored
<to be read again> 
                   \relax 
l.36 \begin{equation}
                     pdfTeX warning (ext4): destination with the same identifie
r (name{equation.0.5.1}) has been already used, duplicate ignored
<to be read again> 
                   \relax 
l.36 \begin{equation}
                     
Underfull \vbox (badness 10000) has occurred while \output is active []

 [45])
Underfull \hbox (badness 10000) in paragraph at lines 56--363

 []


Underfull \hbox (badness 10000) in paragraph at lines 363--366

 []

(./DB/Schev1Mo.tex)
Underfull \hbox (badness 10000) in paragraph at lines 9--368

 []


Underfull \hbox (badness 10000) in paragraph at lines 368--369

 []

(./DB/Schev31Mo.tex)
Underfull \hbox (badness 10000) in paragraph at lines 7--369

 []


Underfull \hbox (badness 10000) in paragraph at lines 369--370

 []

(./DB/Schev13Mo.tex [46])
Underfull \hbox (badness 10000) in paragraph at lines 7--370

 []


Underfull \hbox (badness 10000) in paragraph at lines 370--373

 []

[47]
Package atveryend Info: Empty hook `BeforeClearDocument' on input line 387.

Overfull \vbox (5.79999pt too high) has occurred while \output is active []


[48]
Package atveryend Info: Empty hook `AfterLastShipout' on input line 387.
 (./main.aux)
Package atveryend Info: Executing hook `AtVeryEndDocument' on input line 387.
Package atveryend Info: Executing hook `AtEndAfterFileList' on input line 387.
Package rerunfilecheck Info: File `main.out' has not changed.
(rerunfilecheck)             Checksum: 1758C670AE99B81691F543EBEEE6BBF4;27434.


LaTeX Warning: There were undefined references.

Package atveryend Info: Empty hook `AtVeryVeryEnd' on input line 387.
 ) 
Here is how much of TeX's memory you used:
 13525 strings out of 494275
 194568 string characters out of 6162937
 272627 words of memory out of 5000000
 15903 multiletter control sequences out of 15000+600000
 11545 words of font info for 45 fonts, out of 8000000 for 9000
 556 hyphenation exceptions out of 8191
 36i,15n,32p,281b,645s stack positions out of 5000i,500n,10000p,200000b,80000s
</usr/share/texlive/texmf-dist/fonts/type1/public/amsfonts/cm/cmbx12.pfb></us
r/share/texlive/texmf-dist/fonts/type1/public/amsfonts/cm/cmex10.pfb></usr/shar
e/texlive/texmf-dist/fonts/type1/public/amsfonts/cm/cmmi12.pfb></usr/share/texl
ive/texmf-dist/fonts/type1/public/amsfonts/cm/cmmi6.pfb></usr/share/texlive/tex
mf-dist/fonts/type1/public/amsfonts/cm/cmmi8.pfb></usr/share/texlive/texmf-dist
/fonts/type1/public/amsfonts/cm/cmr12.pfb></usr/share/texlive/texmf-dist/fonts/
type1/public/amsfonts/cm/cmr17.pfb></usr/share/texlive/texmf-dist/fonts/type1/p
ublic/amsfonts/cm/cmr6.pfb></usr/share/texlive/texmf-dist/fonts/type1/public/am
sfonts/cm/cmr8.pfb></usr/share/texlive/texmf-dist/fonts/type1/public/amsfonts/c
m/cmr9.pfb></usr/share/texlive/texmf-dist/fonts/type1/public/amsfonts/cm/cmsy10
.pfb></usr/share/texlive/texmf-dist/fonts/type1/public/amsfonts/cm/cmsy8.pfb></
usr/share/texlive/texmf-dist/fonts/type1/public/amsfonts/cm/cmti12.pfb>
Output written on main.pdf (48 pages, 263741 bytes).
PDF statistics:
 1411 PDF objects out of 1440 (max. 8388607)
 1334 compressed objects within 14 object streams
 239 named destinations out of 1000 (max. 500000)
 1497 words of extra memory for PDF output out of 10000 (max. 10000000)

