\BOOKMARK [1][]{section.0.1}{\376\377\0001\000.\000\040\000J\000e\000l\000\366\000l\000\351\000s\000e\000k}{}% 1
\BOOKMARK [1][]{section.0.2}{\376\377\0002\000.\000\040\000K\000i\000r\000a\000k\000a\000t}{}% 2
\BOOKMARK [2][]{subsection.0.2.1}{\376\377\0002\000.\0001\000.\000\040\000A\000l\000a\000p\000A\000M\000G\000M}{section.0.2}% 3
\BOOKMARK [2][]{subsection.0.2.2}{\376\377\0002\000.\0002\000.\000\040\000A\000l\000a\000p\000A\000M\000Q\000M}{section.0.2}% 4
\BOOKMARK [2][]{subsection.0.2.3}{\376\377\0002\000.\0003\000.\000\040\000A\000l\000a\000p\000B\000i\000n}{section.0.2}% 5
\BOOKMARK [2][]{subsection.0.2.4}{\376\377\0002\000.\0004\000.\000\040\000A\000l\000a\000p\000B\000e\000r}{section.0.2}% 6
\BOOKMARK [2][]{subsection.0.2.5}{\376\377\0002\000.\0005\000.\000\040\000A\000l\000a\000p\000C\000B\000S}{section.0.2}% 7
\BOOKMARK [2][]{subsection.0.2.6}{\376\377\0002\000.\0006\000.\000\040\000A\000l\000a\000p\000G\000M\000H\000M}{section.0.2}% 8
\BOOKMARK [2][]{subsection.0.2.7}{\376\377\0002\000.\0007\000.\000\040\000A\000l\000a\000p\000P\000o\000w\000M\000e\000a\000n}{section.0.2}% 9
\BOOKMARK [2][]{subsection.0.2.8}{\376\377\0002\000.\0008\000.\000\040\000A\000l\000a\000p\000R\000e\000a\000r\000r}{section.0.2}% 10
\BOOKMARK [2][]{subsection.0.2.9}{\376\377\0002\000.\0009\000.\000\040\000A\000l\000a\000p\000S\000c\000h\000u\000r}{section.0.2}% 11
\BOOKMARK [2][]{subsection.0.2.10}{\376\377\0002\000.\0001\0000\000.\000\040\000A\000l\000a\000p\000W\000g\000t\000A\000M\000G\000M}{section.0.2}% 12
\BOOKMARK [2][]{subsection.0.2.11}{\376\377\0002\000.\0001\0001\000.\000\040\000F\000o\000l\000G\000o\000R\000a\0001}{section.0.2}% 13
\BOOKMARK [2][]{subsection.0.2.12}{\376\377\0002\000.\0001\0002\000.\000\040\000F\000o\000l\000S\000c\000h\000u\000r\000E\000x\0001}{section.0.2}% 14
\BOOKMARK [2][]{subsection.0.2.13}{\376\377\0002\000.\0001\0003\000.\000\040\000F\000o\000l\000e\000D\000e\000f\0001}{section.0.2}% 15
\BOOKMARK [2][]{subsection.0.2.14}{\376\377\0002\000.\0001\0004\000.\000\040\000F\000o\000l\000C\000i\000k\0001}{section.0.2}% 16
\BOOKMARK [2][]{subsection.0.2.15}{\376\377\0002\000.\0001\0005\000.\000\040\000F\000o\000l\000M\000d\000t\0001}{section.0.2}% 17
\BOOKMARK [2][]{subsection.0.2.16}{\376\377\0002\000.\0001\0006\000.\000\040\000F\000o\000l\000L\000e\000m\0001}{section.0.2}% 18
\BOOKMARK [2][]{subsection.0.2.17}{\376\377\0002\000.\0001\0007\000.\000\040\000S\000c\000h\000e\000v\0001}{section.0.2}% 19
\BOOKMARK [2][]{subsection.0.2.18}{\376\377\0002\000.\0001\0008\000.\000\040\000S\000c\000h\000e\000v\0003\0001}{section.0.2}% 20
\BOOKMARK [2][]{subsection.0.2.19}{\376\377\0002\000.\0001\0009\000.\000\040\000S\000c\000h\000e\000v\0001\0003}{section.0.2}% 21
\BOOKMARK [2][]{subsection.0.2.20}{\376\377\0002\000.\0002\0000\000.\000\040\000S\000c\000h\000e\000v\0002\0007}{section.0.2}% 22
\BOOKMARK [2][]{subsection.0.2.21}{\376\377\0002\000.\0002\0001\000.\000\040\000O\000k\000t\000v\0002\0000\0000\0007\000I\000I\000I\000k\000I\0002}{section.0.2}% 23
\BOOKMARK [2][]{subsection.0.2.22}{\376\377\0002\000.\0002\0002\000.\000\040\000O\000k\000t\000v\0001\0009\0007\0004\000I\000I\0001}{section.0.2}% 24
\BOOKMARK [2][]{subsection.0.2.23}{\376\377\0002\000.\0002\0003\000.\000\040\000O\000k\000t\000v\0001\0009\0007\0003\000I\0005}{section.0.2}% 25
\BOOKMARK [1][]{section.0.3}{\376\377\0003\000.\000\040\000F\000e\000l\000a\000d\000a\000t\000o\000k}{}% 26
\BOOKMARK [2][]{subsection.0.3.1}{\376\377\0003\000.\0001\000.\000\040\000A\000l\000a\000p}{section.0.3}% 27
\BOOKMARK [3][]{subsubsection.0.3.1.1}{\376\377\0003\000.\0001\000.\0001\000.\000\040\000A\000l\000a\000p\000A\000M\000G\000M}{subsection.0.3.1}% 28
\BOOKMARK [3][]{subsubsection.0.3.1.2}{\376\377\0003\000.\0001\000.\0002\000.\000\040\000A\000l\000a\000p\000A\000M\000Q\000M}{subsection.0.3.1}% 29
\BOOKMARK [3][]{subsubsection.0.3.1.3}{\376\377\0003\000.\0001\000.\0003\000.\000\040\000A\000l\000a\000p\000B\000i\000n}{subsection.0.3.1}% 30
\BOOKMARK [3][]{subsubsection.0.3.1.4}{\376\377\0003\000.\0001\000.\0004\000.\000\040\000A\000l\000a\000p\000S\000c\000h\000u\000r}{subsection.0.3.1}% 31
\BOOKMARK [3][]{subsubsection.0.3.1.5}{\376\377\0003\000.\0001\000.\0005\000.\000\040\000A\000l\000a\000p\000B\000e\000r}{subsection.0.3.1}% 32
\BOOKMARK [3][]{subsubsection.0.3.1.6}{\376\377\0003\000.\0001\000.\0006\000.\000\040\000A\000l\000a\000p\000C\000B\000S}{subsection.0.3.1}% 33
\BOOKMARK [3][]{subsubsection.0.3.1.7}{\376\377\0003\000.\0001\000.\0007\000.\000\040\000A\000l\000a\000p\000G\000M\000H\000M}{subsection.0.3.1}% 34
\BOOKMARK [3][]{subsubsection.0.3.1.8}{\376\377\0003\000.\0001\000.\0008\000.\000\040\000A\000l\000a\000p\000R\000e\000a\000r\000r}{subsection.0.3.1}% 35
\BOOKMARK [3][]{subsubsection.0.3.1.9}{\376\377\0003\000.\0001\000.\0009\000.\000\040\000A\000l\000a\000p\000W\000g\000t\000A\000M\000G\000M}{subsection.0.3.1}% 36
\BOOKMARK [3][]{subsubsection.0.3.1.10}{\376\377\0003\000.\0001\000.\0001\0000\000.\000\040\000A\000l\000a\000p\000P\000o\000w\000M\000e\000a\000n}{subsection.0.3.1}% 37
\BOOKMARK [2][]{subsection.0.3.2}{\376\377\0003\000.\0002\000.\000\040\000F\000o\000l\000k\000l\000\363\000r}{section.0.3}% 38
\BOOKMARK [3][]{subsubsection.0.3.2.1}{\376\377\0003\000.\0002\000.\0001\000.\000\040\000F\000o\000l\000G\000o\000R\000a\0001}{subsection.0.3.2}% 39
\BOOKMARK [3][]{subsubsection.0.3.2.2}{\376\377\0003\000.\0002\000.\0002\000.\000\040\000F\000o\000l\000S\000c\000h\000u\000r\000E\000x\0001}{subsection.0.3.2}% 40
\BOOKMARK [3][]{subsubsection.0.3.2.3}{\376\377\0003\000.\0002\000.\0003\000.\000\040\000F\000o\000l\000e\000D\000e\000f\0001}{subsection.0.3.2}% 41
\BOOKMARK [3][]{subsubsection.0.3.2.4}{\376\377\0003\000.\0002\000.\0004\000.\000\040\000F\000o\000l\000C\000i\000k\0001}{subsection.0.3.2}% 42
\BOOKMARK [3][]{subsubsection.0.3.2.5}{\376\377\0003\000.\0002\000.\0005\000.\000\040\000F\000o\000l\000M\000d\000t\0001}{subsection.0.3.2}% 43
\BOOKMARK [3][]{subsubsection.0.3.2.6}{\376\377\0003\000.\0002\000.\0006\000.\000\040\000F\000o\000l\000E\000n\000g\0001}{subsection.0.3.2}% 44
\BOOKMARK [3][]{subsubsection.0.3.2.7}{\376\377\0003\000.\0002\000.\0007\000.\000\040\000F\000o\000l\000K\000r\000s\0001\0009\0006\0001\0002}{subsection.0.3.2}% 45
\BOOKMARK [3][]{subsubsection.0.3.2.8}{\376\377\0003\000.\0002\000.\0008\000.\000\040\000F\000o\000l\000R\000e\000a\000r\000r\000M\000u\000l\000t\000i}{subsection.0.3.2}% 46
\BOOKMARK [3][]{subsubsection.0.3.2.9}{\376\377\0003\000.\0002\000.\0009\000.\000\040\000F\000o\000l\000R\000e\000a\000r\000r\000C\000o\000r\000r}{subsection.0.3.2}% 47
\BOOKMARK [3][]{subsubsection.0.3.2.10}{\376\377\0003\000.\0002\000.\0001\0000\000.\000\040\000F\000o\000l\000P\000r\000o\000d\0001}{subsection.0.3.2}% 48
\BOOKMARK [3][]{subsubsection.0.3.2.11}{\376\377\0003\000.\0002\000.\0001\0001\000.\000\040\000F\000o\000l\000P\000o\000w\000M\000e\000a\000n}{subsection.0.3.2}% 49
\BOOKMARK [3][]{subsubsection.0.3.2.12}{\376\377\0003\000.\0002\000.\0001\0002\000.\000\040\000F\000o\000l\000L\000e\000m\0001}{subsection.0.3.2}% 50
\BOOKMARK [2][]{subsection.0.3.3}{\376\377\0003\000.\0003\000.\000\040\000A\000r\000a\000n\000y\000\040\000D\000\341\000n\000i\000e\000l}{section.0.3}% 51
\BOOKMARK [3][]{subsubsection.0.3.3.1}{\376\377\0003\000.\0003\000.\0001\000.\000\040\000A\000r\000D\000a\0001\0009\0007\0005\000I\000I\000h\0002}{subsection.0.3.3}% 52
\BOOKMARK [3][]{subsubsection.0.3.3.2}{\376\377\0003\000.\0003\000.\0002\000.\000\040\000A\000r\000D\000a\0001\0009\0007\0004\000I\000I\000h\000m\0002}{subsection.0.3.3}% 53
\BOOKMARK [2][]{subsection.0.3.4}{\376\377\0003\000.\0004\000.\000\040\000O\000k\000t\000v}{section.0.3}% 54
\BOOKMARK [3][]{subsubsection.0.3.4.1}{\376\377\0003\000.\0004\000.\0001\000.\000\040\000O\000k\000t\000v\0001\0009\0006\0007\000I\000a\0001}{subsection.0.3.4}% 55
\BOOKMARK [3][]{subsubsection.0.3.4.2}{\376\377\0003\000.\0004\000.\0002\000.\000\040\000O\000k\000t\000v\0001\0009\0006\0008\000I\000m\0001}{subsection.0.3.4}% 56
\BOOKMARK [3][]{subsubsection.0.3.4.3}{\376\377\0003\000.\0004\000.\0003\000.\000\040\000O\000k\000t\000v\0001\0009\0007\0000\000I\0001}{subsection.0.3.4}% 57
\BOOKMARK [3][]{subsubsection.0.3.4.4}{\376\377\0003\000.\0004\000.\0004\000.\000\040\000O\000k\000t\000v\0001\0009\0007\0003\000I\0005}{subsection.0.3.4}% 58
\BOOKMARK [3][]{subsubsection.0.3.4.5}{\376\377\0003\000.\0004\000.\0005\000.\000\040\000O\000k\000t\000v\0001\0009\0007\0004\000I\000I\0001}{subsection.0.3.4}% 59
\BOOKMARK [3][]{subsubsection.0.3.4.6}{\376\377\0003\000.\0004\000.\0006\000.\000\040\000O\000k\000t\000v\0002\0000\0000\0007\000I\000I\000I\000k\000I\0002}{subsection.0.3.4}% 60
\BOOKMARK [2][]{subsection.0.3.5}{\376\377\0003\000.\0005\000.\000\040\000K\000\366\000m\000a\000l}{section.0.3}% 61
\BOOKMARK [3][]{subsubsection.0.3.5.1}{\376\377\0003\000.\0005\000.\0001\000.\000\040\000K\000o\000m\000a\000l\000B\0004\0007\0003\0006}{subsection.0.3.5}% 62
\BOOKMARK [3][]{subsubsection.0.3.5.2}{\376\377\0003\000.\0005\000.\0002\000.\000\040\000K\000o\000m\000a\000l\000B\0004\0007\0005\0003}{subsection.0.3.5}% 63
\BOOKMARK [3][]{subsubsection.0.3.5.3}{\376\377\0003\000.\0005\000.\0003\000.\000\040\000K\000o\000m\000a\000l\000F\0002\0004\0006\0005}{subsection.0.3.5}% 64
\BOOKMARK [3][]{subsubsection.0.3.5.4}{\376\377\0003\000.\0005\000.\0004\000.\000\040\000K\000o\000m\000a\000l\000F\0002\0005\0000\0001}{subsection.0.3.5}% 65
\BOOKMARK [3][]{subsubsection.0.3.5.5}{\376\377\0003\000.\0005\000.\0005\000.\000\040\000K\000o\000m\000a\000l\000G\000y\0002\0002\0005\0004}{subsection.0.3.5}% 66
\BOOKMARK [2][]{subsection.0.3.6}{\376\377\0003\000.\0006\000.\000\040\000H\000a\000j\000\363\000s}{section.0.3}% 67
\BOOKMARK [3][]{subsubsection.0.3.6.1}{\376\377\0003\000.\0006\000.\0001\000.\000\040\000H\000a\000j\000o\000s\0002\0000\0000\0004\0003}{subsection.0.3.6}% 68
\BOOKMARK [3][]{subsubsection.0.3.6.2}{\376\377\0003\000.\0006\000.\0002\000.\000\040\000H\000a\000j\000o\000s\0002\0000\0001\0000\0003}{subsection.0.3.6}% 69
\BOOKMARK [2][]{subsection.0.3.7}{\376\377\0003\000.\0007\000.\000\040\000I\000m\000o}{section.0.3}% 70
\BOOKMARK [3][]{subsubsection.0.3.7.1}{\376\377\0003\000.\0007\000.\0001\000.\000\040\000I\000m\000o\0001\0009\0009\0005\0002}{subsection.0.3.7}% 71
\BOOKMARK [3][]{subsubsection.0.3.7.2}{\376\377\0003\000.\0007\000.\0002\000.\000\040\000I\000m\000o\0001\0009\0006\0004\0002}{subsection.0.3.7}% 72
\BOOKMARK [2][]{subsection.0.3.8}{\376\377\0003\000.\0008\000.\000\040\000E\000g\000m\000o}{section.0.3}% 73
\BOOKMARK [3][]{subsubsection.0.3.8.1}{\376\377\0003\000.\0008\000.\0001\000.\000\040\000E\000g\000m\000o\0002\0000\0001\0006\000d\000I\0001}{subsection.0.3.8}% 74
\BOOKMARK [2][]{subsection.0.3.9}{\376\377\0003\000.\0009\000.\000\040\000K\000r\000s}{section.0.3}% 75
\BOOKMARK [3][]{subsubsection.0.3.9.1}{\376\377\0003\000.\0009\000.\0001\000.\000\040\000K\000r\000s\0001\0009\0006\0001\0002}{subsection.0.3.9}% 76
\BOOKMARK [2][]{subsection.0.3.10}{\376\377\0003\000.\0001\0000\000.\000\040\000S\000c\000h\000e\000v}{section.0.3}% 77
\BOOKMARK [3][]{subsubsection.0.3.10.1}{\376\377\0003\000.\0001\0000\000.\0001\000.\000\040\000S\000c\000h\000e\000v\0001}{subsection.0.3.10}% 78
\BOOKMARK [3][]{subsubsection.0.3.10.2}{\376\377\0003\000.\0001\0000\000.\0002\000.\000\040\000S\000c\000h\000e\000v\0003\0001}{subsection.0.3.10}% 79
\BOOKMARK [3][]{subsubsection.0.3.10.3}{\376\377\0003\000.\0001\0000\000.\0003\000.\000\040\000S\000c\000h\000e\000v\0001\0003}{subsection.0.3.10}% 80
\BOOKMARK [3][]{subsubsection.0.3.10.4}{\376\377\0003\000.\0001\0000\000.\0004\000.\000\040\000S\000c\000h\000e\000v\0002\0007}{subsection.0.3.10}% 81
\BOOKMARK [1][]{section.0.4}{\376\377\0004\000.\000\040\000\332\000t\000m\000u\000t\000a\000t\000\363\000k}{}% 82
\BOOKMARK [2][]{subsection.0.4.1}{\376\377\0004\000.\0001\000.\000\040\000A\000l\000a\000p}{section.0.4}% 83
\BOOKMARK [3][]{subsubsection.0.4.1.1}{\376\377\0004\000.\0001\000.\0001\000.\000\040\000A\000l\000a\000p\000A\000M\000G\000M}{subsection.0.4.1}% 84
\BOOKMARK [3][]{subsubsection.0.4.1.2}{\376\377\0004\000.\0001\000.\0002\000.\000\040\000A\000l\000a\000p\000A\000M\000Q\000M}{subsection.0.4.1}% 85
\BOOKMARK [3][]{subsubsection.0.4.1.3}{\376\377\0004\000.\0001\000.\0003\000.\000\040\000A\000l\000a\000p\000B\000i\000n}{subsection.0.4.1}% 86
\BOOKMARK [3][]{subsubsection.0.4.1.4}{\376\377\0004\000.\0001\000.\0004\000.\000\040\000A\000l\000a\000p\000S\000c\000h\000u\000r}{subsection.0.4.1}% 87
\BOOKMARK [3][]{subsubsection.0.4.1.5}{\376\377\0004\000.\0001\000.\0005\000.\000\040\000A\000l\000a\000p\000B\000e\000r}{subsection.0.4.1}% 88
\BOOKMARK [3][]{subsubsection.0.4.1.6}{\376\377\0004\000.\0001\000.\0006\000.\000\040\000A\000l\000a\000p\000C\000B\000S}{subsection.0.4.1}% 89
\BOOKMARK [3][]{subsubsection.0.4.1.7}{\376\377\0004\000.\0001\000.\0007\000.\000\040\000A\000l\000a\000p\000G\000M\000H\000M}{subsection.0.4.1}% 90
\BOOKMARK [3][]{subsubsection.0.4.1.8}{\376\377\0004\000.\0001\000.\0008\000.\000\040\000A\000l\000a\000p\000R\000e\000a\000r\000r}{subsection.0.4.1}% 91
\BOOKMARK [2][]{subsection.0.4.2}{\376\377\0004\000.\0002\000.\000\040\000F\000o\000l\000k\000l\000\363\000r}{section.0.4}% 92
\BOOKMARK [3][]{subsubsection.0.4.2.1}{\376\377\0004\000.\0002\000.\0001\000.\000\040\000F\000o\000l\000G\000o\000R\000a\0001}{subsection.0.4.2}% 93
\BOOKMARK [3][]{subsubsection.0.4.2.2}{\376\377\0004\000.\0002\000.\0002\000.\000\040\000F\000o\000l\000S\000c\000h\000u\000r\000E\000x\0001}{subsection.0.4.2}% 94
\BOOKMARK [3][]{subsubsection.0.4.2.3}{\376\377\0004\000.\0002\000.\0003\000.\000\040\000F\000o\000l\000e\000D\000e\000f\0001}{subsection.0.4.2}% 95
\BOOKMARK [3][]{subsubsection.0.4.2.4}{\376\377\0004\000.\0002\000.\0004\000.\000\040\000F\000o\000l\000C\000i\000k\0001}{subsection.0.4.2}% 96
\BOOKMARK [3][]{subsubsection.0.4.2.5}{\376\377\0004\000.\0002\000.\0005\000.\000\040\000F\000o\000l\000M\000d\000t\0001}{subsection.0.4.2}% 97
\BOOKMARK [3][]{subsubsection.0.4.2.6}{\376\377\0004\000.\0002\000.\0006\000.\000\040\000F\000o\000l\000E\000n\000g\0001}{subsection.0.4.2}% 98
\BOOKMARK [3][]{subsubsection.0.4.2.7}{\376\377\0004\000.\0002\000.\0007\000.\000\040\000F\000o\000l\000K\000r\000s\0001\0009\0006\0001\0002}{subsection.0.4.2}% 99
\BOOKMARK [3][]{subsubsection.0.4.2.8}{\376\377\0004\000.\0002\000.\0008\000.\000\040\000F\000o\000l\000R\000e\000a\000r\000r\000M\000u\000l\000t\000i}{subsection.0.4.2}% 100
\BOOKMARK [3][]{subsubsection.0.4.2.9}{\376\377\0004\000.\0002\000.\0009\000.\000\040\000F\000o\000l\000R\000e\000a\000r\000r\000C\000o\000r\000r}{subsection.0.4.2}% 101
\BOOKMARK [3][]{subsubsection.0.4.2.10}{\376\377\0004\000.\0002\000.\0001\0000\000.\000\040\000F\000o\000l\000P\000r\000o\000d\0001}{subsection.0.4.2}% 102
\BOOKMARK [3][]{subsubsection.0.4.2.11}{\376\377\0004\000.\0002\000.\0001\0001\000.\000\040\000F\000o\000l\000P\000o\000w\000M\000e\000a\000n}{subsection.0.4.2}% 103
\BOOKMARK [3][]{subsubsection.0.4.2.12}{\376\377\0004\000.\0002\000.\0001\0002\000.\000\040\000F\000o\000l\000L\000e\000m\0001}{subsection.0.4.2}% 104
\BOOKMARK [2][]{subsection.0.4.3}{\376\377\0004\000.\0003\000.\000\040\000A\000r\000a\000n\000y\000\040\000D\000\341\000n\000i\000e\000l}{section.0.4}% 105
\BOOKMARK [3][]{subsubsection.0.4.3.1}{\376\377\0004\000.\0003\000.\0001\000.\000\040\000A\000r\000D\000a\0001\0009\0007\0005\000I\000I\000h\0002}{subsection.0.4.3}% 106
\BOOKMARK [3][]{subsubsection.0.4.3.2}{\376\377\0004\000.\0003\000.\0002\000.\000\040\000A\000r\000D\000a\0001\0009\0007\0004\000I\000I\000h\000m\0002}{subsection.0.4.3}% 107
\BOOKMARK [2][]{subsection.0.4.4}{\376\377\0004\000.\0004\000.\000\040\000O\000k\000t\000v}{section.0.4}% 108
\BOOKMARK [3][]{subsubsection.0.4.4.1}{\376\377\0004\000.\0004\000.\0001\000.\000\040\000O\000k\000t\000v\0001\0009\0006\0007\000I\000a\0001}{subsection.0.4.4}% 109
\BOOKMARK [3][]{subsubsection.0.4.4.2}{\376\377\0004\000.\0004\000.\0002\000.\000\040\000O\000k\000t\000v\0001\0009\0006\0008\000I\000m\0001}{subsection.0.4.4}% 110
\BOOKMARK [3][]{subsubsection.0.4.4.3}{\376\377\0004\000.\0004\000.\0003\000.\000\040\000O\000k\000t\000v\0001\0009\0007\0000\000I\0001}{subsection.0.4.4}% 111
\BOOKMARK [3][]{subsubsection.0.4.4.4}{\376\377\0004\000.\0004\000.\0004\000.\000\040\000O\000k\000t\000v\0001\0009\0007\0003\000I\0005}{subsection.0.4.4}% 112
\BOOKMARK [3][]{subsubsection.0.4.4.5}{\376\377\0004\000.\0004\000.\0005\000.\000\040\000O\000k\000t\000v\0001\0009\0007\0004\000I\000I\0001}{subsection.0.4.4}% 113
\BOOKMARK [3][]{subsubsection.0.4.4.6}{\376\377\0004\000.\0004\000.\0006\000.\000\040\000O\000k\000t\000v\0002\0000\0000\0007\000I\000I\000I\000k\000I\0002}{subsection.0.4.4}% 114
\BOOKMARK [2][]{subsection.0.4.5}{\376\377\0004\000.\0005\000.\000\040\000K\000\366\000m\000a\000l}{section.0.4}% 115
\BOOKMARK [3][]{subsubsection.0.4.5.1}{\376\377\0004\000.\0005\000.\0001\000.\000\040\000K\000o\000m\000a\000l\000B\0004\0007\0003\0006}{subsection.0.4.5}% 116
\BOOKMARK [3][]{subsubsection.0.4.5.2}{\376\377\0004\000.\0005\000.\0002\000.\000\040\000K\000o\000m\000a\000l\000B\0004\0007\0005\0003}{subsection.0.4.5}% 117
\BOOKMARK [3][]{subsubsection.0.4.5.3}{\376\377\0004\000.\0005\000.\0003\000.\000\040\000K\000o\000m\000a\000l\000F\0002\0004\0006\0005}{subsection.0.4.5}% 118
\BOOKMARK [3][]{subsubsection.0.4.5.4}{\376\377\0004\000.\0005\000.\0004\000.\000\040\000K\000o\000m\000a\000l\000F\0002\0005\0000\0001}{subsection.0.4.5}% 119
\BOOKMARK [3][]{subsubsection.0.4.5.5}{\376\377\0004\000.\0005\000.\0005\000.\000\040\000K\000o\000m\000a\000l\000G\000y\0002\0002\0005\0004}{subsection.0.4.5}% 120
\BOOKMARK [2][]{subsection.0.4.6}{\376\377\0004\000.\0006\000.\000\040\000H\000a\000j\000\363\000s}{section.0.4}% 121
\BOOKMARK [3][]{subsubsection.0.4.6.1}{\376\377\0004\000.\0006\000.\0001\000.\000\040\000H\000a\000j\000o\000s\0002\0000\0000\0004\0003}{subsection.0.4.6}% 122
\BOOKMARK [3][]{subsubsection.0.4.6.2}{\376\377\0004\000.\0006\000.\0002\000.\000\040\000H\000a\000j\000o\000s\0002\0000\0001\0000\0003}{subsection.0.4.6}% 123
\BOOKMARK [2][]{subsection.0.4.7}{\376\377\0004\000.\0007\000.\000\040\000I\000m\000o}{section.0.4}% 124
\BOOKMARK [3][]{subsubsection.0.4.7.1}{\376\377\0004\000.\0007\000.\0001\000.\000\040\000I\000m\000o\0001\0009\0009\0005\0002}{subsection.0.4.7}% 125
\BOOKMARK [3][]{subsubsection.0.4.7.2}{\376\377\0004\000.\0007\000.\0002\000.\000\040\000I\000m\000o\0001\0009\0006\0004\0002}{subsection.0.4.7}% 126
\BOOKMARK [2][]{subsection.0.4.8}{\376\377\0004\000.\0008\000.\000\040\000E\000g\000m\000o}{section.0.4}% 127
\BOOKMARK [3][]{subsubsection.0.4.8.1}{\376\377\0004\000.\0008\000.\0001\000.\000\040\000E\000g\000m\000o\0002\0000\0001\0006\000d\000I\0001}{subsection.0.4.8}% 128
\BOOKMARK [2][]{subsection.0.4.9}{\376\377\0004\000.\0009\000.\000\040\000K\000r\000s}{section.0.4}% 129
\BOOKMARK [3][]{subsubsection.0.4.9.1}{\376\377\0004\000.\0009\000.\0001\000.\000\040\000K\000r\000s\0001\0009\0006\0001\0002}{subsection.0.4.9}% 130
\BOOKMARK [2][]{subsection.0.4.10}{\376\377\0004\000.\0001\0000\000.\000\040\000S\000c\000h\000e\000v}{section.0.4}% 131
\BOOKMARK [3][]{subsubsection.0.4.10.1}{\376\377\0004\000.\0001\0000\000.\0001\000.\000\040\000S\000c\000h\000e\000v\0001}{subsection.0.4.10}% 132
\BOOKMARK [3][]{subsubsection.0.4.10.2}{\376\377\0004\000.\0001\0000\000.\0002\000.\000\040\000S\000c\000h\000e\000v\0003\0001}{subsection.0.4.10}% 133
\BOOKMARK [3][]{subsubsection.0.4.10.3}{\376\377\0004\000.\0001\0000\000.\0003\000.\000\040\000S\000c\000h\000e\000v\0001\0003}{subsection.0.4.10}% 134
\BOOKMARK [1][]{section.0.5}{\376\377\0005\000.\000\040\000M\000e\000g\000o\000l\000d\000\341\000s\000o\000k}{}% 135
\BOOKMARK [2][]{subsection.0.5.1}{\376\377\0005\000.\0001\000.\000\040\000A\000l\000a\000p}{section.0.5}% 136
\BOOKMARK [3][]{subsubsection.0.5.1.1}{\376\377\0005\000.\0001\000.\0001\000.\000\040\000A\000l\000a\000p\000A\000M\000G\000M}{subsection.0.5.1}% 137
\BOOKMARK [3][]{subsubsection.0.5.1.2}{\376\377\0005\000.\0001\000.\0002\000.\000\040\000A\000l\000a\000p\000A\000M\000Q\000M}{subsection.0.5.1}% 138
\BOOKMARK [3][]{subsubsection.0.5.1.3}{\376\377\0005\000.\0001\000.\0003\000.\000\040\000A\000l\000a\000p\000B\000i\000n}{subsection.0.5.1}% 139
\BOOKMARK [3][]{subsubsection.0.5.1.4}{\376\377\0005\000.\0001\000.\0004\000.\000\040\000A\000l\000a\000p\000S\000c\000h\000u\000r}{subsection.0.5.1}% 140
\BOOKMARK [3][]{subsubsection.0.5.1.5}{\376\377\0005\000.\0001\000.\0005\000.\000\040\000A\000l\000a\000p\000B\000e\000r}{subsection.0.5.1}% 141
\BOOKMARK [3][]{subsubsection.0.5.1.6}{\376\377\0005\000.\0001\000.\0006\000.\000\040\000A\000l\000a\000p\000C\000B\000S}{subsection.0.5.1}% 142
\BOOKMARK [3][]{subsubsection.0.5.1.7}{\376\377\0005\000.\0001\000.\0007\000.\000\040\000A\000l\000a\000p\000G\000M\000H\000M}{subsection.0.5.1}% 143
\BOOKMARK [3][]{subsubsection.0.5.1.8}{\376\377\0005\000.\0001\000.\0008\000.\000\040\000A\000l\000a\000p\000R\000e\000a\000r\000r}{subsection.0.5.1}% 144
\BOOKMARK [2][]{subsection.0.5.2}{\376\377\0005\000.\0002\000.\000\040\000F\000o\000l\000k\000l\000\363\000r}{section.0.5}% 145
\BOOKMARK [3][]{subsubsection.0.5.2.1}{\376\377\0005\000.\0002\000.\0001\000.\000\040\000F\000o\000l\000G\000o\000R\000a\0001}{subsection.0.5.2}% 146
\BOOKMARK [3][]{subsubsection.0.5.2.2}{\376\377\0005\000.\0002\000.\0002\000.\000\040\000F\000o\000l\000S\000c\000h\000u\000r\000E\000x\0001}{subsection.0.5.2}% 147
\BOOKMARK [3][]{subsubsection.0.5.2.3}{\376\377\0005\000.\0002\000.\0003\000.\000\040\000F\000o\000l\000e\000D\000e\000f\0001}{subsection.0.5.2}% 148
\BOOKMARK [3][]{subsubsection.0.5.2.4}{\376\377\0005\000.\0002\000.\0004\000.\000\040\000F\000o\000l\000C\000i\000k\0001}{subsection.0.5.2}% 149
\BOOKMARK [3][]{subsubsection.0.5.2.5}{\376\377\0005\000.\0002\000.\0005\000.\000\040\000F\000o\000l\000M\000d\000t\0001}{subsection.0.5.2}% 150
\BOOKMARK [3][]{subsubsection.0.5.2.6}{\376\377\0005\000.\0002\000.\0006\000.\000\040\000F\000o\000l\000E\000n\000g\0001}{subsection.0.5.2}% 151
\BOOKMARK [3][]{subsubsection.0.5.2.7}{\376\377\0005\000.\0002\000.\0007\000.\000\040\000F\000o\000l\000K\000r\000s\0001\0009\0006\0001\0002}{subsection.0.5.2}% 152
\BOOKMARK [3][]{subsubsection.0.5.2.8}{\376\377\0005\000.\0002\000.\0008\000.\000\040\000F\000o\000l\000R\000e\000a\000r\000r\000M\000u\000l\000t\000i}{subsection.0.5.2}% 153
\BOOKMARK [3][]{subsubsection.0.5.2.9}{\376\377\0005\000.\0002\000.\0009\000.\000\040\000F\000o\000l\000R\000e\000a\000r\000r\000C\000o\000r\000r}{subsection.0.5.2}% 154
\BOOKMARK [3][]{subsubsection.0.5.2.10}{\376\377\0005\000.\0002\000.\0001\0000\000.\000\040\000F\000o\000l\000P\000r\000o\000d\0001}{subsection.0.5.2}% 155
\BOOKMARK [3][]{subsubsection.0.5.2.11}{\376\377\0005\000.\0002\000.\0001\0001\000.\000\040\000F\000o\000l\000P\000o\000w\000M\000e\000a\000n}{subsection.0.5.2}% 156
\BOOKMARK [3][]{subsubsection.0.5.2.12}{\376\377\0005\000.\0002\000.\0001\0002\000.\000\040\000F\000o\000l\000L\000e\000m\0001}{subsection.0.5.2}% 157
\BOOKMARK [2][]{subsection.0.5.3}{\376\377\0005\000.\0003\000.\000\040\000A\000r\000a\000n\000y\000\040\000D\000\341\000n\000i\000e\000l}{section.0.5}% 158
\BOOKMARK [3][]{subsubsection.0.5.3.1}{\376\377\0005\000.\0003\000.\0001\000.\000\040\000A\000r\000D\000a\0001\0009\0007\0005\000I\000I\000h\0002}{subsection.0.5.3}% 159
\BOOKMARK [3][]{subsubsection.0.5.3.2}{\376\377\0005\000.\0003\000.\0002\000.\000\040\000A\000r\000D\000a\0001\0009\0007\0004\000I\000I\000h\000m\0002}{subsection.0.5.3}% 160
\BOOKMARK [2][]{subsection.0.5.4}{\376\377\0005\000.\0004\000.\000\040\000O\000k\000t\000v}{section.0.5}% 161
\BOOKMARK [3][]{subsubsection.0.5.4.1}{\376\377\0005\000.\0004\000.\0001\000.\000\040\000O\000k\000t\000v\0001\0009\0006\0007\000I\000a\0001}{subsection.0.5.4}% 162
\BOOKMARK [3][]{subsubsection.0.5.4.2}{\376\377\0005\000.\0004\000.\0002\000.\000\040\000O\000k\000t\000v\0001\0009\0006\0008\000I\000m\0001}{subsection.0.5.4}% 163
\BOOKMARK [3][]{subsubsection.0.5.4.3}{\376\377\0005\000.\0004\000.\0003\000.\000\040\000O\000k\000t\000v\0001\0009\0007\0000\000I\0001}{subsection.0.5.4}% 164
\BOOKMARK [3][]{subsubsection.0.5.4.4}{\376\377\0005\000.\0004\000.\0004\000.\000\040\000O\000k\000t\000v\0001\0009\0007\0003\000I\0005}{subsection.0.5.4}% 165
\BOOKMARK [3][]{subsubsection.0.5.4.5}{\376\377\0005\000.\0004\000.\0005\000.\000\040\000O\000k\000t\000v\0001\0009\0007\0004\000I\000I\0001}{subsection.0.5.4}% 166
\BOOKMARK [3][]{subsubsection.0.5.4.6}{\376\377\0005\000.\0004\000.\0006\000.\000\040\000O\000k\000t\000v\0002\0000\0000\0007\000I\000I\000I\000k\000I\0002}{subsection.0.5.4}% 167
\BOOKMARK [2][]{subsection.0.5.5}{\376\377\0005\000.\0005\000.\000\040\000K\000\366\000m\000a\000l}{section.0.5}% 168
\BOOKMARK [3][]{subsubsection.0.5.5.1}{\376\377\0005\000.\0005\000.\0001\000.\000\040\000K\000o\000m\000a\000l\000B\0004\0007\0003\0006}{subsection.0.5.5}% 169
\BOOKMARK [3][]{subsubsection.0.5.5.2}{\376\377\0005\000.\0005\000.\0002\000.\000\040\000K\000o\000m\000a\000l\000B\0004\0007\0005\0003}{subsection.0.5.5}% 170
\BOOKMARK [3][]{subsubsection.0.5.5.3}{\376\377\0005\000.\0005\000.\0003\000.\000\040\000K\000o\000m\000a\000l\000F\0002\0004\0006\0005}{subsection.0.5.5}% 171
\BOOKMARK [3][]{subsubsection.0.5.5.4}{\376\377\0005\000.\0005\000.\0004\000.\000\040\000K\000o\000m\000a\000l\000F\0002\0005\0000\0001}{subsection.0.5.5}% 172
\BOOKMARK [3][]{subsubsection.0.5.5.5}{\376\377\0005\000.\0005\000.\0005\000.\000\040\000K\000o\000m\000a\000l\000G\000y\0002\0002\0005\0004}{subsection.0.5.5}% 173
\BOOKMARK [2][]{subsection.0.5.6}{\376\377\0005\000.\0006\000.\000\040\000H\000a\000j\000\363\000s}{section.0.5}% 174
\BOOKMARK [3][]{subsubsection.0.5.6.1}{\376\377\0005\000.\0006\000.\0001\000.\000\040\000H\000a\000j\000o\000s\0002\0000\0000\0004\0003}{subsection.0.5.6}% 175
\BOOKMARK [3][]{subsubsection.0.5.6.2}{\376\377\0005\000.\0006\000.\0002\000.\000\040\000H\000a\000j\000o\000s\0002\0000\0001\0000\0003}{subsection.0.5.6}% 176
\BOOKMARK [2][]{subsection.0.5.7}{\376\377\0005\000.\0007\000.\000\040\000I\000m\000o}{section.0.5}% 177
\BOOKMARK [3][]{subsubsection.0.5.7.1}{\376\377\0005\000.\0007\000.\0001\000.\000\040\000I\000m\000o\0001\0009\0009\0005\0002}{subsection.0.5.7}% 178
\BOOKMARK [3][]{subsubsection.0.5.7.2}{\376\377\0005\000.\0007\000.\0002\000.\000\040\000I\000m\000o\0001\0009\0006\0004\0002}{subsection.0.5.7}% 179
\BOOKMARK [2][]{subsection.0.5.8}{\376\377\0005\000.\0008\000.\000\040\000E\000g\000m\000o}{section.0.5}% 180
\BOOKMARK [3][]{subsubsection.0.5.8.1}{\376\377\0005\000.\0008\000.\0001\000.\000\040\000E\000g\000m\000o\0002\0000\0001\0006\000d\000I\0001}{subsection.0.5.8}% 181
\BOOKMARK [2][]{subsection.0.5.9}{\376\377\0005\000.\0009\000.\000\040\000K\000r\000s}{section.0.5}% 182
\BOOKMARK [3][]{subsubsection.0.5.9.1}{\376\377\0005\000.\0009\000.\0001\000.\000\040\000K\000r\000s\0001\0009\0006\0001\0002}{subsection.0.5.9}% 183
\BOOKMARK [2][]{subsection.0.5.10}{\376\377\0005\000.\0001\0000\000.\000\040\000S\000c\000h\000e\000v}{section.0.5}% 184
\BOOKMARK [3][]{subsubsection.0.5.10.1}{\376\377\0005\000.\0001\0000\000.\0001\000.\000\040\000S\000c\000h\000e\000v\0001}{subsection.0.5.10}% 185
\BOOKMARK [3][]{subsubsection.0.5.10.2}{\376\377\0005\000.\0001\0000\000.\0002\000.\000\040\000S\000c\000h\000e\000v\0003\0001}{subsection.0.5.10}% 186
\BOOKMARK [3][]{subsubsection.0.5.10.3}{\376\377\0005\000.\0001\0000\000.\0003\000.\000\040\000S\000c\000h\000e\000v\0001\0003}{subsection.0.5.10}% 187
